created virtual environment CPython3.10.13.final.0-64 in 20749ms
  creator CPython3Posix(dest=/localscratch/pedro36.57238913.0/env, clear=False, no_vcs_ignore=False, global=False)
  seeder FromAppData(download=False, pip=bundle, setuptools=bundle, wheel=bundle, via=copy, app_data_dir=/home/pedro36/.local/share/virtualenv)
    added seed packages: pip==25.1.1, setuptools==80.7.1, wheel==0.45.1+computecanada
  activators BashActivator,CShellActivator,FishActivator,NushellActivator,PowerShellActivator,PythonActivator
Looking in links: /cvmfs/soft.computecanada.ca/custom/python/wheelhouse/gentoo2023/x86-64-v4, /cvmfs/soft.computecanada.ca/custom/python/wheelhouse/gentoo2023/x86-64-v3, /cvmfs/soft.computecanada.ca/custom/python/wheelhouse/gentoo2023/generic, /cvmfs/soft.computecanada.ca/custom/python/wheelhouse/generic
Requirement already satisfied: pip in /localscratch/pedro36.57238913.0/env/lib/python3.10/site-packages (25.1.1)
Looking in links: /cvmfs/soft.computecanada.ca/custom/python/wheelhouse/gentoo2023/x86-64-v4, /cvmfs/soft.computecanada.ca/custom/python/wheelhouse/gentoo2023/x86-64-v3, /cvmfs/soft.computecanada.ca/custom/python/wheelhouse/gentoo2023/generic, /cvmfs/soft.computecanada.ca/custom/python/wheelhouse/generic
Processing /cvmfs/soft.computecanada.ca/custom/python/wheelhouse/gentoo2023/x86-64-v3/torch-2.6.0+computecanada-cp310-cp310-linux_x86_64.whl
Processing /cvmfs/soft.computecanada.ca/custom/python/wheelhouse/gentoo2023/generic/torchvision-0.21.0+computecanada-cp310-cp310-linux_x86_64.whl
Processing /cvmfs/soft.computecanada.ca/custom/python/wheelhouse/gentoo2023/x86-64-v3/torchaudio-2.6.0+computecanada-cp310-cp310-linux_x86_64.whl
Processing /cvmfs/soft.computecanada.ca/custom/python/wheelhouse/generic/ftfy-6.3.1+computecanada-py3-none-any.whl
Processing /cvmfs/soft.computecanada.ca/custom/python/wheelhouse/gentoo2023/generic/scipy-1.15.1+computecanada-cp310-cp310-linux_x86_64.whl
Processing /cvmfs/soft.computecanada.ca/custom/python/wheelhouse/generic/regex-2024.9.11+computecanada-cp310-cp310-linux_x86_64.whl
Processing /cvmfs/soft.computecanada.ca/custom/python/wheelhouse/generic/tqdm-4.67.1+computecanada-py3-none-any.whl
Processing /cvmfs/soft.computecanada.ca/custom/python/wheelhouse/generic/gdown-5.2.0+computecanada-py3-none-any.whl
Processing /cvmfs/soft.computecanada.ca/custom/python/wheelhouse/gentoo2023/x86-64-v3/pandas-2.2.3+computecanada-cp310-cp310-linux_x86_64.whl
Processing /cvmfs/soft.computecanada.ca/custom/python/wheelhouse/generic/filelock-3.18.0+computecanada-py3-none-any.whl (from torch)
Processing /cvmfs/soft.computecanada.ca/custom/python/wheelhouse/generic/typing_extensions-4.14.1+computecanada-py3-none-any.whl (from torch)
Processing /cvmfs/soft.computecanada.ca/custom/python/wheelhouse/generic/networkx-3.5+computecanada-py3-none-any.whl (from torch)
Processing /cvmfs/soft.computecanada.ca/custom/python/wheelhouse/generic/jinja2-3.1.6+computecanada-py3-none-any.whl (from torch)
Processing /cvmfs/soft.computecanada.ca/custom/python/wheelhouse/generic/fsspec-2025.5.1+computecanada-py3-none-any.whl (from torch)
Processing /cvmfs/soft.computecanada.ca/custom/python/wheelhouse/generic/sympy-1.13.1+computecanada-py3-none-any.whl (from torch)
Processing /cvmfs/soft.computecanada.ca/custom/python/wheelhouse/generic/mpmath-1.3.0+computecanada-py3-none-any.whl (from sympy==1.13.1->torch)
Processing /cvmfs/soft.computecanada.ca/custom/python/wheelhouse/gentoo2023/generic/numpy-2.2.2+computecanada-cp310-cp310-linux_x86_64.whl (from torchvision)
Processing /cvmfs/soft.computecanada.ca/custom/python/wheelhouse/gentoo2023/x86-64-v3/Pillow_SIMD-9.5.0.post2+computecanada-cp310-cp310-linux_x86_64.whl (from torchvision)
Processing /cvmfs/soft.computecanada.ca/custom/python/wheelhouse/generic/wcwidth-0.2.13+computecanada-py2.py3-none-any.whl (from ftfy)
Processing /cvmfs/soft.computecanada.ca/custom/python/wheelhouse/generic/beautifulsoup4-4.13.4+computecanada-py3-none-any.whl (from gdown)
Processing /cvmfs/soft.computecanada.ca/custom/python/wheelhouse/generic/requests-2.32.4+computecanada-py3-none-any.whl (from gdown)
Processing /cvmfs/soft.computecanada.ca/custom/python/wheelhouse/generic/python_dateutil-2.9.0.post0+computecanada-py2.py3-none-any.whl (from pandas)
Processing /cvmfs/soft.computecanada.ca/custom/python/wheelhouse/generic/pytz-2025.2+computecanada-py2.py3-none-any.whl (from pandas)
Processing /cvmfs/soft.computecanada.ca/custom/python/wheelhouse/generic/tzdata-2025.2+computecanada-py2.py3-none-any.whl (from pandas)
Processing /cvmfs/soft.computecanada.ca/custom/python/wheelhouse/generic/six-1.17.0+computecanada-py2.py3-none-any.whl (from python-dateutil>=2.8.2->pandas)
Processing /cvmfs/soft.computecanada.ca/custom/python/wheelhouse/generic/soupsieve-2.7+computecanada-py3-none-any.whl (from beautifulsoup4->gdown)
Processing /cvmfs/soft.computecanada.ca/custom/python/wheelhouse/generic/MarkupSafe-2.1.5+computecanada-cp310-cp310-linux_x86_64.whl (from jinja2->torch)
INFO: pip is looking at multiple versions of networkx to determine which version is compatible with other requirements. This could take a while.
Processing /cvmfs/soft.computecanada.ca/custom/python/wheelhouse/generic/networkx-3.4.2+computecanada-py3-none-any.whl (from torch)
Processing /cvmfs/soft.computecanada.ca/custom/python/wheelhouse/generic/charset_normalizer-3.4.2+computecanada-py3-none-any.whl (from requests[socks]->gdown)
Processing /cvmfs/soft.computecanada.ca/custom/python/wheelhouse/generic/idna-3.10+computecanada-py3-none-any.whl (from requests[socks]->gdown)
Processing /cvmfs/soft.computecanada.ca/custom/python/wheelhouse/generic/urllib3-2.5.0+computecanada-py3-none-any.whl (from requests[socks]->gdown)
Processing /cvmfs/soft.computecanada.ca/custom/python/wheelhouse/generic/certifi-2025.7.9+computecanada-py3-none-any.whl (from requests[socks]->gdown)
Processing /cvmfs/soft.computecanada.ca/custom/python/wheelhouse/generic/PySocks-1.7.1+computecanada-py3-none-any.whl (from requests[socks]->gdown)
Installing collected packages: wcwidth, pytz, mpmath, urllib3, tzdata, typing-extensions, tqdm, sympy, soupsieve, six, regex, PySocks, pillow-simd, numpy, networkx, MarkupSafe, idna, ftfy, fsspec, filelock, charset-normalizer, certifi, scipy, requests, python-dateutil, jinja2, beautifulsoup4, torch, pandas, torchvision, torchaudio, gdown

Successfully installed MarkupSafe-2.1.5+computecanada PySocks-1.7.1+computecanada beautifulsoup4-4.13.4+computecanada certifi-2025.7.9+computecanada charset-normalizer-3.4.2+computecanada filelock-3.18.0+computecanada fsspec-2025.5.1+computecanada ftfy-6.3.1+computecanada gdown-5.2.0+computecanada idna-3.10+computecanada jinja2-3.1.6+computecanada mpmath-1.3.0+computecanada networkx-3.4.2+computecanada numpy-2.2.2+computecanada pandas-2.2.3+computecanada pillow-simd-9.5.0.post2+computecanada python-dateutil-2.9.0.post0+computecanada pytz-2025.2+computecanada regex-2024.9.11+computecanada requests-2.32.4+computecanada scipy-1.15.1+computecanada six-1.17.0+computecanada soupsieve-2.7+computecanada sympy-1.13.1+computecanada torch-2.6.0+computecanada torchaudio-2.6.0+computecanada torchvision-0.21.0+computecanada tqdm-4.67.1+computecanada typing-extensions-4.14.1+computecanada tzdata-2025.2+computecanada urllib3-2.5.0+computecanada wcwidth-0.2.13+computecanada
Preparing dataset.
Reading split from /home/pedro36/projects/def-leszek/pedro36/datasets/DATA/PIGS/dataset_crops.json
Creating a 2-shot dataset
Creating a 2-shot dataset

Getting textual features as CLIP's classifier.

Loading visual features and labels from val set.

Loading visual features and labels from test set.

**** Zero-shot CLIP's test accuracy: 54.53. ****

Residual Attention Block 0: ResidualAttentionBlock(
  (attn): MultiheadAttention(
    (out_proj): NonDynamicallyQuantizableLinear(in_features=512, out_features=512, bias=True)
  )
  (ln_1): LayerNorm((512,), eps=1e-05, elementwise_affine=True)
  (mlp): Sequential(
    (c_fc): Linear(in_features=512, out_features=2048, bias=True)
    (gelu): QuickGELU()
    (c_proj): Linear(in_features=2048, out_features=512, bias=True)
  )
  (ln_2): LayerNorm((512,), eps=1e-05, elementwise_affine=True)
)
Residual Attention Block 1: ResidualAttentionBlock(
  (attn): MultiheadAttention(
    (out_proj): NonDynamicallyQuantizableLinear(in_features=512, out_features=512, bias=True)
  )
  (ln_1): LayerNorm((512,), eps=1e-05, elementwise_affine=True)
  (mlp): Sequential(
    (c_fc): Linear(in_features=512, out_features=2048, bias=True)
    (gelu): QuickGELU()
    (c_proj): Linear(in_features=2048, out_features=512, bias=True)
  )
  (ln_2): LayerNorm((512,), eps=1e-05, elementwise_affine=True)
)
Residual Attention Block 2: ResidualAttentionBlock(
  (attn): MultiheadAttention(
    (out_proj): NonDynamicallyQuantizableLinear(in_features=512, out_features=512, bias=True)
  )
  (ln_1): LayerNorm((512,), eps=1e-05, elementwise_affine=True)
  (mlp): Sequential(
    (c_fc): Linear(in_features=512, out_features=2048, bias=True)
    (gelu): QuickGELU()
    (c_proj): Linear(in_features=2048, out_features=512, bias=True)
  )
  (ln_2): LayerNorm((512,), eps=1e-05, elementwise_affine=True)
)
Residual Attention Block 3: ResidualAttentionBlock(
  (attn): MultiheadAttention(
    (out_proj): NonDynamicallyQuantizableLinear(in_features=512, out_features=512, bias=True)
  )
  (ln_1): LayerNorm((512,), eps=1e-05, elementwise_affine=True)
  (mlp): Sequential(
    (c_fc): Linear(in_features=512, out_features=2048, bias=True)
    (gelu): QuickGELU()
    (c_proj): Linear(in_features=2048, out_features=512, bias=True)
  )
  (ln_2): LayerNorm((512,), eps=1e-05, elementwise_affine=True)
)
Residual Attention Block 4: ResidualAttentionBlock(
  (attn): MultiheadAttention(
    (out_proj): NonDynamicallyQuantizableLinear(in_features=512, out_features=512, bias=True)
  )
  (ln_1): LayerNorm((512,), eps=1e-05, elementwise_affine=True)
  (mlp): Sequential(
    (c_fc): Linear(in_features=512, out_features=2048, bias=True)
    (gelu): QuickGELU()
    (c_proj): Linear(in_features=2048, out_features=512, bias=True)
  )
  (ln_2): LayerNorm((512,), eps=1e-05, elementwise_affine=True)
)
Residual Attention Block 5: ResidualAttentionBlock(
  (attn): MultiheadAttention(
    (out_proj): NonDynamicallyQuantizableLinear(in_features=512, out_features=512, bias=True)
  )
  (ln_1): LayerNorm((512,), eps=1e-05, elementwise_affine=True)
  (mlp): Sequential(
    (c_fc): Linear(in_features=512, out_features=2048, bias=True)
    (gelu): QuickGELU()
    (c_proj): Linear(in_features=2048, out_features=512, bias=True)
  )
  (ln_2): LayerNorm((512,), eps=1e-05, elementwise_affine=True)
)
Residual Attention Block 6: ResidualAttentionBlock(
  (attn): MultiheadAttention(
    (out_proj): NonDynamicallyQuantizableLinear(in_features=512, out_features=512, bias=True)
  )
  (ln_1): LayerNorm((512,), eps=1e-05, elementwise_affine=True)
  (mlp): Sequential(
    (c_fc): Linear(in_features=512, out_features=2048, bias=True)
    (gelu): QuickGELU()
    (c_proj): Linear(in_features=2048, out_features=512, bias=True)
  )
  (ln_2): LayerNorm((512,), eps=1e-05, elementwise_affine=True)
)
Residual Attention Block 7: ResidualAttentionBlock(
  (attn): MultiheadAttention(
    (out_proj): NonDynamicallyQuantizableLinear(in_features=512, out_features=512, bias=True)
  )
  (ln_1): LayerNorm((512,), eps=1e-05, elementwise_affine=True)
  (mlp): Sequential(
    (c_fc): Linear(in_features=512, out_features=2048, bias=True)
    (gelu): QuickGELU()
    (c_proj): Linear(in_features=2048, out_features=512, bias=True)
  )
  (ln_2): LayerNorm((512,), eps=1e-05, elementwise_affine=True)
)
Residual Attention Block 8: ResidualAttentionBlock(
  (attn): MultiheadAttention(
    (out_proj): NonDynamicallyQuantizableLinear(in_features=512, out_features=512, bias=True)
  )
  (ln_1): LayerNorm((512,), eps=1e-05, elementwise_affine=True)
  (mlp): Sequential(
    (c_fc): Linear(in_features=512, out_features=2048, bias=True)
    (gelu): QuickGELU()
    (c_proj): Linear(in_features=2048, out_features=512, bias=True)
  )
  (ln_2): LayerNorm((512,), eps=1e-05, elementwise_affine=True)
)
Residual Attention Block 9: ResidualAttentionBlock(
  (attn): MultiheadAttention(
    (out_proj): NonDynamicallyQuantizableLinear(in_features=512, out_features=512, bias=True)
  )
  (ln_1): LayerNorm((512,), eps=1e-05, elementwise_affine=True)
  (mlp): Sequential(
    (c_fc): Linear(in_features=512, out_features=2048, bias=True)
    (gelu): QuickGELU()
    (c_proj): Linear(in_features=2048, out_features=512, bias=True)
  )
  (ln_2): LayerNorm((512,), eps=1e-05, elementwise_affine=True)
)
Residual Attention Block 10: ResidualAttentionBlock(
  (attn): MultiheadAttention(
    (out_proj): NonDynamicallyQuantizableLinear(in_features=512, out_features=512, bias=True)
  )
  (ln_1): LayerNorm((512,), eps=1e-05, elementwise_affine=True)
  (mlp): Sequential(
    (c_fc): Linear(in_features=512, out_features=2048, bias=True)
    (gelu): QuickGELU()
    (c_proj): Linear(in_features=2048, out_features=512, bias=True)
  )
  (ln_2): LayerNorm((512,), eps=1e-05, elementwise_affine=True)
)
Residual Attention Block 11: ResidualAttentionBlock(
  (attn): MultiheadAttention(
    (out_proj): NonDynamicallyQuantizableLinear(in_features=512, out_features=512, bias=True)
  )
  (ln_1): LayerNorm((512,), eps=1e-05, elementwise_affine=True)
  (mlp): Sequential(
    (c_fc): Linear(in_features=512, out_features=2048, bias=True)
    (gelu): QuickGELU()
    (c_proj): Linear(in_features=2048, out_features=512, bias=True)
  )
  (ln_2): LayerNorm((512,), eps=1e-05, elementwise_affine=True)
)
Residual Attention Block 0: ResidualAttentionBlock(
  (attn): MultiheadAttention(
    (out_proj): NonDynamicallyQuantizableLinear(in_features=768, out_features=768, bias=True)
  )
  (ln_1): LayerNorm((768,), eps=1e-05, elementwise_affine=True)
  (mlp): Sequential(
    (c_fc): Linear(in_features=768, out_features=3072, bias=True)
    (gelu): QuickGELU()
    (c_proj): Linear(in_features=3072, out_features=768, bias=True)
  )
  (ln_2): LayerNorm((768,), eps=1e-05, elementwise_affine=True)
)
Residual Attention Block 1: ResidualAttentionBlock(
  (attn): MultiheadAttention(
    (out_proj): NonDynamicallyQuantizableLinear(in_features=768, out_features=768, bias=True)
  )
  (ln_1): LayerNorm((768,), eps=1e-05, elementwise_affine=True)
  (mlp): Sequential(
    (c_fc): Linear(in_features=768, out_features=3072, bias=True)
    (gelu): QuickGELU()
    (c_proj): Linear(in_features=3072, out_features=768, bias=True)
  )
  (ln_2): LayerNorm((768,), eps=1e-05, elementwise_affine=True)
)
Residual Attention Block 2: ResidualAttentionBlock(
  (attn): MultiheadAttention(
    (out_proj): NonDynamicallyQuantizableLinear(in_features=768, out_features=768, bias=True)
  )
  (ln_1): LayerNorm((768,), eps=1e-05, elementwise_affine=True)
  (mlp): Sequential(
    (c_fc): Linear(in_features=768, out_features=3072, bias=True)
    (gelu): QuickGELU()
    (c_proj): Linear(in_features=3072, out_features=768, bias=True)
  )
  (ln_2): LayerNorm((768,), eps=1e-05, elementwise_affine=True)
)
Residual Attention Block 3: ResidualAttentionBlock(
  (attn): MultiheadAttention(
    (out_proj): NonDynamicallyQuantizableLinear(in_features=768, out_features=768, bias=True)
  )
  (ln_1): LayerNorm((768,), eps=1e-05, elementwise_affine=True)
  (mlp): Sequential(
    (c_fc): Linear(in_features=768, out_features=3072, bias=True)
    (gelu): QuickGELU()
    (c_proj): Linear(in_features=3072, out_features=768, bias=True)
  )
  (ln_2): LayerNorm((768,), eps=1e-05, elementwise_affine=True)
)
Residual Attention Block 4: ResidualAttentionBlock(
  (attn): MultiheadAttention(
    (out_proj): NonDynamicallyQuantizableLinear(in_features=768, out_features=768, bias=True)
  )
  (ln_1): LayerNorm((768,), eps=1e-05, elementwise_affine=True)
  (mlp): Sequential(
    (c_fc): Linear(in_features=768, out_features=3072, bias=True)
    (gelu): QuickGELU()
    (c_proj): Linear(in_features=3072, out_features=768, bias=True)
  )
  (ln_2): LayerNorm((768,), eps=1e-05, elementwise_affine=True)
)
Residual Attention Block 5: ResidualAttentionBlock(
  (attn): MultiheadAttention(
    (out_proj): NonDynamicallyQuantizableLinear(in_features=768, out_features=768, bias=True)
  )
  (ln_1): LayerNorm((768,), eps=1e-05, elementwise_affine=True)
  (mlp): Sequential(
    (c_fc): Linear(in_features=768, out_features=3072, bias=True)
    (gelu): QuickGELU()
    (c_proj): Linear(in_features=3072, out_features=768, bias=True)
  )
  (ln_2): LayerNorm((768,), eps=1e-05, elementwise_affine=True)
)
Residual Attention Block 6: ResidualAttentionBlock(
  (attn): MultiheadAttention(
    (out_proj): NonDynamicallyQuantizableLinear(in_features=768, out_features=768, bias=True)
  )
  (ln_1): LayerNorm((768,), eps=1e-05, elementwise_affine=True)
  (mlp): Sequential(
    (c_fc): Linear(in_features=768, out_features=3072, bias=True)
    (gelu): QuickGELU()
    (c_proj): Linear(in_features=3072, out_features=768, bias=True)
  )
  (ln_2): LayerNorm((768,), eps=1e-05, elementwise_affine=True)
)
Residual Attention Block 7: ResidualAttentionBlock(
  (attn): MultiheadAttention(
    (out_proj): NonDynamicallyQuantizableLinear(in_features=768, out_features=768, bias=True)
  )
  (ln_1): LayerNorm((768,), eps=1e-05, elementwise_affine=True)
  (mlp): Sequential(
    (c_fc): Linear(in_features=768, out_features=3072, bias=True)
    (gelu): QuickGELU()
    (c_proj): Linear(in_features=3072, out_features=768, bias=True)
  )
  (ln_2): LayerNorm((768,), eps=1e-05, elementwise_affine=True)
)
Residual Attention Block 8: ResidualAttentionBlock(
  (attn): MultiheadAttention(
    (out_proj): NonDynamicallyQuantizableLinear(in_features=768, out_features=768, bias=True)
  )
  (ln_1): LayerNorm((768,), eps=1e-05, elementwise_affine=True)
  (mlp): Sequential(
    (c_fc): Linear(in_features=768, out_features=3072, bias=True)
    (gelu): QuickGELU()
    (c_proj): Linear(in_features=3072, out_features=768, bias=True)
  )
  (ln_2): LayerNorm((768,), eps=1e-05, elementwise_affine=True)
)
Residual Attention Block 9: ResidualAttentionBlock(
  (attn): MultiheadAttention(
    (out_proj): NonDynamicallyQuantizableLinear(in_features=768, out_features=768, bias=True)
  )
  (ln_1): LayerNorm((768,), eps=1e-05, elementwise_affine=True)
  (mlp): Sequential(
    (c_fc): Linear(in_features=768, out_features=3072, bias=True)
    (gelu): QuickGELU()
    (c_proj): Linear(in_features=3072, out_features=768, bias=True)
  )
  (ln_2): LayerNorm((768,), eps=1e-05, elementwise_affine=True)
)
Residual Attention Block 10: ResidualAttentionBlock(
  (attn): MultiheadAttention(
    (out_proj): NonDynamicallyQuantizableLinear(in_features=768, out_features=768, bias=True)
  )
  (ln_1): LayerNorm((768,), eps=1e-05, elementwise_affine=True)
  (mlp): Sequential(
    (c_fc): Linear(in_features=768, out_features=3072, bias=True)
    (gelu): QuickGELU()
    (c_proj): Linear(in_features=3072, out_features=768, bias=True)
  )
  (ln_2): LayerNorm((768,), eps=1e-05, elementwise_affine=True)
)
Residual Attention Block 11: ResidualAttentionBlock(
  (attn): MultiheadAttention(
    (out_proj): NonDynamicallyQuantizableLinear(in_features=768, out_features=768, bias=True)
  )
  (ln_1): LayerNorm((768,), eps=1e-05, elementwise_affine=True)
  (mlp): Sequential(
    (c_fc): Linear(in_features=768, out_features=3072, bias=True)
    (gelu): QuickGELU()
    (c_proj): Linear(in_features=3072, out_features=768, bias=True)
  )
  (ln_2): LayerNorm((768,), eps=1e-05, elementwise_affine=True)
)
LR: 0.000200, Acc: 25.0000, Loss: 1.0225
LR: 0.000200, Acc: 75.0000, Loss: 0.7256
LR: 0.000200, Acc: 50.0000, Loss: 1.0488
LR: 0.000200, Acc: 25.0000, Loss: 1.0684
LR: 0.000200, Acc: 25.0000, Loss: 1.1865
LR: 0.000200, Acc: 25.0000, Loss: 0.8799
LR: 0.000200, Acc: 50.0000, Loss: 0.7617
LR: 0.000200, Acc: 75.0000, Loss: 0.5444
LR: 0.000200, Acc: 25.0000, Loss: 0.9492
LR: 0.000200, Acc: 50.0000, Loss: 0.8687
LR: 0.000200, Acc: 50.0000, Loss: 0.7964
LR: 0.000200, Acc: 50.0000, Loss: 0.8179
LR: 0.000200, Acc: 25.0000, Loss: 0.8779
LR: 0.000200, Acc: 50.0000, Loss: 0.5947
LR: 0.000200, Acc: 50.0000, Loss: 0.7412
LR: 0.000200, Acc: 75.0000, Loss: 0.5176
LR: 0.000200, Acc: 25.0000, Loss: 0.9922
LR: 0.000200, Acc: 50.0000, Loss: 0.5024
LR: 0.000200, Acc: 25.0000, Loss: 0.9150
LR: 0.000200, Acc: 50.0000, Loss: 0.6562
LR: 0.000200, Acc: 25.0000, Loss: 0.8232
LR: 0.000200, Acc: 50.0000, Loss: 0.6973
LR: 0.000200, Acc: 75.0000, Loss: 0.7197
LR: 0.000200, Acc: 75.0000, Loss: 0.5835
LR: 0.000200, Acc: 75.0000, Loss: 0.5879
LR: 0.000200, Acc: 75.0000, Loss: 0.6313
LR: 0.000200, Acc: 75.0000, Loss: 0.5020
LR: 0.000200, Acc: 50.0000, Loss: 0.5630
LR: 0.000200, Acc: 100.0000, Loss: 0.3494
LR: 0.000200, Acc: 75.0000, Loss: 0.4438
LR: 0.000200, Acc: 75.0000, Loss: 0.3674
LR: 0.000199, Acc: 100.0000, Loss: 0.3926
LR: 0.000199, Acc: 75.0000, Loss: 0.4221
LR: 0.000199, Acc: 75.0000, Loss: 0.4377
LR: 0.000199, Acc: 100.0000, Loss: 0.3618
LR: 0.000199, Acc: 100.0000, Loss: 0.3179
LR: 0.000199, Acc: 100.0000, Loss: 0.2549
LR: 0.000199, Acc: 75.0000, Loss: 0.4358
LR: 0.000199, Acc: 100.0000, Loss: 0.2244
LR: 0.000199, Acc: 100.0000, Loss: 0.1846
LR: 0.000199, Acc: 100.0000, Loss: 0.1465
LR: 0.000199, Acc: 100.0000, Loss: 0.1655
LR: 0.000199, Acc: 75.0000, Loss: 0.2659
LR: 0.000199, Acc: 100.0000, Loss: 0.1045
LR: 0.000199, Acc: 100.0000, Loss: 0.0734
LR: 0.000199, Acc: 100.0000, Loss: 0.2986
LR: 0.000199, Acc: 100.0000, Loss: 0.1041
LR: 0.000199, Acc: 75.0000, Loss: 0.5273
LR: 0.000199, Acc: 75.0000, Loss: 0.4678
LR: 0.000199, Acc: 75.0000, Loss: 0.6221
LR: 0.000199, Acc: 100.0000, Loss: 0.1398
LR: 0.000199, Acc: 75.0000, Loss: 0.2502
LR: 0.000199, Acc: 100.0000, Loss: 0.0744
LR: 0.000199, Acc: 75.0000, Loss: 0.4834
LR: 0.000199, Acc: 100.0000, Loss: 0.0927
LR: 0.000198, Acc: 100.0000, Loss: 0.0848
LR: 0.000198, Acc: 100.0000, Loss: 0.0857
LR: 0.000198, Acc: 100.0000, Loss: 0.0807
LR: 0.000198, Acc: 100.0000, Loss: 0.0874
LR: 0.000198, Acc: 100.0000, Loss: 0.1154
LR: 0.000198, Acc: 100.0000, Loss: 0.0837
LR: 0.000198, Acc: 100.0000, Loss: 0.0651
LR: 0.000198, Acc: 100.0000, Loss: 0.1387
LR: 0.000198, Acc: 100.0000, Loss: 0.0807
LR: 0.000198, Acc: 100.0000, Loss: 0.0743
LR: 0.000198, Acc: 100.0000, Loss: 0.1553
LR: 0.000198, Acc: 100.0000, Loss: 0.2424
LR: 0.000198, Acc: 100.0000, Loss: 0.0902
LR: 0.000198, Acc: 100.0000, Loss: 0.0242
LR: 0.000198, Acc: 100.0000, Loss: 0.0729
LR: 0.000198, Acc: 100.0000, Loss: 0.0253
LR: 0.000197, Acc: 100.0000, Loss: 0.0257
LR: 0.000197, Acc: 100.0000, Loss: 0.0297
LR: 0.000197, Acc: 100.0000, Loss: 0.0734
LR: 0.000197, Acc: 75.0000, Loss: 0.2896
LR: 0.000197, Acc: 100.0000, Loss: 0.0204
LR: 0.000197, Acc: 100.0000, Loss: 0.0060
LR: 0.000197, Acc: 100.0000, Loss: 0.0057
LR: 0.000197, Acc: 100.0000, Loss: 0.0077
LR: 0.000197, Acc: 100.0000, Loss: 0.1581
LR: 0.000197, Acc: 100.0000, Loss: 0.0886
LR: 0.000197, Acc: 100.0000, Loss: 0.0737
LR: 0.000197, Acc: 100.0000, Loss: 0.0167
LR: 0.000197, Acc: 100.0000, Loss: 0.0046
LR: 0.000196, Acc: 100.0000, Loss: 0.0126
LR: 0.000196, Acc: 100.0000, Loss: 0.0102
LR: 0.000196, Acc: 100.0000, Loss: 0.0064
LR: 0.000196, Acc: 100.0000, Loss: 0.0090
LR: 0.000196, Acc: 100.0000, Loss: 0.0013
LR: 0.000196, Acc: 100.0000, Loss: 0.0108
LR: 0.000196, Acc: 100.0000, Loss: 0.0013
LR: 0.000196, Acc: 100.0000, Loss: 0.0800
LR: 0.000196, Acc: 100.0000, Loss: 0.0026
LR: 0.000196, Acc: 100.0000, Loss: 0.0032
LR: 0.000196, Acc: 100.0000, Loss: 0.0035
LR: 0.000196, Acc: 100.0000, Loss: 0.0326
LR: 0.000195, Acc: 100.0000, Loss: 0.0119
LR: 0.000195, Acc: 100.0000, Loss: 0.0248
LR: 0.000195, Acc: 100.0000, Loss: 0.0106
LR: 0.000195, Acc: 100.0000, Loss: 0.0891
LR: 0.000195, Acc: 50.0000, Loss: 0.4248
LR: 0.000195, Acc: 100.0000, Loss: 0.0010
LR: 0.000195, Acc: 100.0000, Loss: 0.0039
LR: 0.000195, Acc: 100.0000, Loss: 0.0019
LR: 0.000195, Acc: 100.0000, Loss: 0.0009
LR: 0.000195, Acc: 100.0000, Loss: 0.0112
LR: 0.000194, Acc: 100.0000, Loss: 0.0311
LR: 0.000194, Acc: 100.0000, Loss: 0.0026
LR: 0.000194, Acc: 100.0000, Loss: 0.0027
LR: 0.000194, Acc: 100.0000, Loss: 0.0038
LR: 0.000194, Acc: 100.0000, Loss: 0.0044
LR: 0.000194, Acc: 100.0000, Loss: 0.0019
LR: 0.000194, Acc: 100.0000, Loss: 0.0094
LR: 0.000194, Acc: 100.0000, Loss: 0.0013
LR: 0.000194, Acc: 100.0000, Loss: 0.0796
LR: 0.000193, Acc: 100.0000, Loss: 0.0010
LR: 0.000193, Acc: 100.0000, Loss: 0.0015
LR: 0.000193, Acc: 100.0000, Loss: 0.0008
LR: 0.000193, Acc: 100.0000, Loss: 0.0014
LR: 0.000193, Acc: 100.0000, Loss: 0.0011
LR: 0.000193, Acc: 100.0000, Loss: 0.0185
LR: 0.000193, Acc: 100.0000, Loss: 0.0011
LR: 0.000193, Acc: 100.0000, Loss: 0.0028
LR: 0.000193, Acc: 100.0000, Loss: 0.0017
LR: 0.000192, Acc: 100.0000, Loss: 0.0099
LR: 0.000192, Acc: 100.0000, Loss: 0.0014
LR: 0.000192, Acc: 100.0000, Loss: 0.0014
LR: 0.000192, Acc: 100.0000, Loss: 0.0033
LR: 0.000192, Acc: 100.0000, Loss: 0.0039
LR: 0.000192, Acc: 100.0000, Loss: 0.0031
LR: 0.000192, Acc: 100.0000, Loss: 0.0039
LR: 0.000192, Acc: 100.0000, Loss: 0.0014
LR: 0.000191, Acc: 100.0000, Loss: 0.0020
LR: 0.000191, Acc: 100.0000, Loss: 0.0029
LR: 0.000191, Acc: 100.0000, Loss: 0.0026
LR: 0.000191, Acc: 100.0000, Loss: 0.0011
LR: 0.000191, Acc: 100.0000, Loss: 0.0041
LR: 0.000191, Acc: 100.0000, Loss: 0.0073
LR: 0.000191, Acc: 100.0000, Loss: 0.0051
LR: 0.000191, Acc: 100.0000, Loss: 0.0231
LR: 0.000190, Acc: 100.0000, Loss: 0.0308
LR: 0.000190, Acc: 100.0000, Loss: 0.0008
LR: 0.000190, Acc: 100.0000, Loss: 0.0012
LR: 0.000190, Acc: 100.0000, Loss: 0.0222
LR: 0.000190, Acc: 100.0000, Loss: 0.0041
LR: 0.000190, Acc: 100.0000, Loss: 0.0039
LR: 0.000190, Acc: 100.0000, Loss: 0.0025
LR: 0.000189, Acc: 100.0000, Loss: 0.0007
LR: 0.000189, Acc: 100.0000, Loss: 0.0004
LR: 0.000189, Acc: 100.0000, Loss: 0.0004
LR: 0.000189, Acc: 100.0000, Loss: 0.0020
LR: 0.000189, Acc: 100.0000, Loss: 0.0009
LR: 0.000189, Acc: 100.0000, Loss: 0.0024
LR: 0.000189, Acc: 100.0000, Loss: 0.0004
LR: 0.000188, Acc: 100.0000, Loss: 0.0015
LR: 0.000188, Acc: 100.0000, Loss: 0.0039
LR: 0.000188, Acc: 100.0000, Loss: 0.0156
LR: 0.000188, Acc: 100.0000, Loss: 0.0214
LR: 0.000188, Acc: 100.0000, Loss: 0.0007
LR: 0.000188, Acc: 100.0000, Loss: 0.0001
LR: 0.000188, Acc: 100.0000, Loss: 0.0020
LR: 0.000187, Acc: 100.0000, Loss: 0.0414
LR: 0.000187, Acc: 100.0000, Loss: 0.0011
LR: 0.000187, Acc: 100.0000, Loss: 0.0015
LR: 0.000187, Acc: 100.0000, Loss: 0.0001
LR: 0.000187, Acc: 100.0000, Loss: 0.0023
LR: 0.000187, Acc: 100.0000, Loss: 0.0022
LR: 0.000186, Acc: 100.0000, Loss: 0.0087
LR: 0.000186, Acc: 100.0000, Loss: 0.0003
LR: 0.000186, Acc: 100.0000, Loss: 0.0009
LR: 0.000186, Acc: 100.0000, Loss: 0.0038
LR: 0.000186, Acc: 100.0000, Loss: 0.0001
LR: 0.000186, Acc: 100.0000, Loss: 0.0076
LR: 0.000186, Acc: 100.0000, Loss: 0.0004
LR: 0.000185, Acc: 100.0000, Loss: 0.0011
LR: 0.000185, Acc: 100.0000, Loss: 0.0010
LR: 0.000185, Acc: 100.0000, Loss: 0.0004
LR: 0.000185, Acc: 100.0000, Loss: 0.0005
LR: 0.000185, Acc: 100.0000, Loss: 0.0010
LR: 0.000185, Acc: 100.0000, Loss: 0.0007
LR: 0.000184, Acc: 100.0000, Loss: 0.0001
LR: 0.000184, Acc: 100.0000, Loss: 0.0006
LR: 0.000184, Acc: 100.0000, Loss: 0.0007
LR: 0.000184, Acc: 100.0000, Loss: 0.0330
LR: 0.000184, Acc: 100.0000, Loss: 0.0001
LR: 0.000183, Acc: 100.0000, Loss: 0.0054
LR: 0.000183, Acc: 100.0000, Loss: 0.0003
LR: 0.000183, Acc: 100.0000, Loss: 0.0004
LR: 0.000183, Acc: 100.0000, Loss: 0.0005
LR: 0.000183, Acc: 100.0000, Loss: 0.0001
LR: 0.000183, Acc: 100.0000, Loss: 0.0007
LR: 0.000182, Acc: 100.0000, Loss: 0.0003
LR: 0.000182, Acc: 100.0000, Loss: 0.0737
LR: 0.000182, Acc: 100.0000, Loss: 0.0017
LR: 0.000182, Acc: 100.0000, Loss: 0.0006
LR: 0.000182, Acc: 100.0000, Loss: 0.0101
LR: 0.000182, Acc: 100.0000, Loss: 0.0831
LR: 0.000181, Acc: 100.0000, Loss: 0.0022
LR: 0.000181, Acc: 100.0000, Loss: 0.0052
LR: 0.000181, Acc: 100.0000, Loss: 0.0002
LR: 0.000181, Acc: 100.0000, Loss: 0.0002
LR: 0.000181, Acc: 100.0000, Loss: 0.0363
LR: 0.000180, Acc: 100.0000, Loss: 0.1241
LR: 0.000180, Acc: 100.0000, Loss: 0.0002
LR: 0.000180, Acc: 100.0000, Loss: 0.0004
LR: 0.000180, Acc: 100.0000, Loss: 0.0023
LR: 0.000180, Acc: 100.0000, Loss: 0.0216
LR: 0.000180, Acc: 100.0000, Loss: 0.0002
LR: 0.000179, Acc: 100.0000, Loss: 0.0000
LR: 0.000179, Acc: 100.0000, Loss: 0.0044
LR: 0.000179, Acc: 100.0000, Loss: 0.0015
LR: 0.000179, Acc: 100.0000, Loss: 0.0001
LR: 0.000179, Acc: 100.0000, Loss: 0.0401
LR: 0.000178, Acc: 100.0000, Loss: 0.0001
LR: 0.000178, Acc: 100.0000, Loss: 0.0044
LR: 0.000178, Acc: 100.0000, Loss: 0.0001
LR: 0.000178, Acc: 100.0000, Loss: 0.0000
LR: 0.000178, Acc: 100.0000, Loss: 0.0000
LR: 0.000177, Acc: 100.0000, Loss: 0.0390
LR: 0.000177, Acc: 100.0000, Loss: 0.0011
LR: 0.000177, Acc: 100.0000, Loss: 0.0001
LR: 0.000177, Acc: 100.0000, Loss: 0.0000
LR: 0.000177, Acc: 100.0000, Loss: 0.0001
LR: 0.000176, Acc: 100.0000, Loss: 0.0028
LR: 0.000176, Acc: 100.0000, Loss: 0.0003
LR: 0.000176, Acc: 100.0000, Loss: 0.0004
LR: 0.000176, Acc: 100.0000, Loss: 0.0003
LR: 0.000176, Acc: 100.0000, Loss: 0.0002
LR: 0.000175, Acc: 100.0000, Loss: 0.0004
LR: 0.000175, Acc: 100.0000, Loss: 0.0000
LR: 0.000175, Acc: 100.0000, Loss: 0.0001
LR: 0.000175, Acc: 100.0000, Loss: 0.0000
LR: 0.000175, Acc: 100.0000, Loss: 0.0000
LR: 0.000174, Acc: 100.0000, Loss: 0.0000
LR: 0.000174, Acc: 100.0000, Loss: 0.0001
LR: 0.000174, Acc: 100.0000, Loss: 0.0000
LR: 0.000174, Acc: 100.0000, Loss: 0.0000
LR: 0.000173, Acc: 100.0000, Loss: 0.0000
LR: 0.000173, Acc: 100.0000, Loss: 0.0002
LR: 0.000173, Acc: 100.0000, Loss: 0.0000
LR: 0.000173, Acc: 100.0000, Loss: 0.0167
LR: 0.000173, Acc: 100.0000, Loss: 0.0001
LR: 0.000172, Acc: 100.0000, Loss: 0.0001
LR: 0.000172, Acc: 100.0000, Loss: 0.0001
LR: 0.000172, Acc: 100.0000, Loss: 0.0000
LR: 0.000172, Acc: 100.0000, Loss: 0.0004
LR: 0.000172, Acc: 100.0000, Loss: 0.0000
LR: 0.000171, Acc: 100.0000, Loss: 0.0003
LR: 0.000171, Acc: 100.0000, Loss: 0.0000
LR: 0.000171, Acc: 75.0000, Loss: 0.7622
LR: 0.000171, Acc: 100.0000, Loss: 0.0000
LR: 0.000170, Acc: 100.0000, Loss: 0.0042
LR: 0.000170, Acc: 100.0000, Loss: 0.0000
LR: 0.000170, Acc: 100.0000, Loss: 0.0056
LR: 0.000170, Acc: 100.0000, Loss: 0.0002
LR: 0.000170, Acc: 100.0000, Loss: 0.0001
LR: 0.000169, Acc: 100.0000, Loss: 0.0042
LR: 0.000169, Acc: 100.0000, Loss: 0.0685
LR: 0.000169, Acc: 75.0000, Loss: 1.0928
LR: 0.000169, Acc: 100.0000, Loss: 0.0010
LR: 0.000168, Acc: 100.0000, Loss: 0.0002
LR: 0.000168, Acc: 100.0000, Loss: 0.0013
LR: 0.000168, Acc: 100.0000, Loss: 0.0010
LR: 0.000168, Acc: 100.0000, Loss: 0.0001
LR: 0.000167, Acc: 100.0000, Loss: 0.0024
LR: 0.000167, Acc: 100.0000, Loss: 0.0002
LR: 0.000167, Acc: 100.0000, Loss: 0.0126
LR: 0.000167, Acc: 100.0000, Loss: 0.0001
LR: 0.000167, Acc: 100.0000, Loss: 0.0004
LR: 0.000166, Acc: 100.0000, Loss: 0.0003
LR: 0.000166, Acc: 100.0000, Loss: 0.0005
LR: 0.000166, Acc: 75.0000, Loss: 0.4727
LR: 0.000166, Acc: 100.0000, Loss: 0.0001
LR: 0.000165, Acc: 100.0000, Loss: 0.0002
LR: 0.000165, Acc: 100.0000, Loss: 0.0002
LR: 0.000165, Acc: 100.0000, Loss: 0.0035
LR: 0.000165, Acc: 100.0000, Loss: 0.0001
LR: 0.000164, Acc: 100.0000, Loss: 0.0001
LR: 0.000164, Acc: 100.0000, Loss: 0.0002
LR: 0.000164, Acc: 100.0000, Loss: 0.0001
LR: 0.000164, Acc: 100.0000, Loss: 0.0012
LR: 0.000163, Acc: 100.0000, Loss: 0.0041
LR: 0.000163, Acc: 100.0000, Loss: 0.0152
LR: 0.000163, Acc: 100.0000, Loss: 0.0043
LR: 0.000163, Acc: 100.0000, Loss: 0.0003
LR: 0.000162, Acc: 100.0000, Loss: 0.0002
LR: 0.000162, Acc: 100.0000, Loss: 0.0007
LR: 0.000162, Acc: 100.0000, Loss: 0.0001
LR: 0.000162, Acc: 100.0000, Loss: 0.0005
LR: 0.000161, Acc: 100.0000, Loss: 0.0288
LR: 0.000161, Acc: 100.0000, Loss: 0.0001
LR: 0.000161, Acc: 100.0000, Loss: 0.0002
LR: 0.000161, Acc: 100.0000, Loss: 0.0110
LR: 0.000160, Acc: 100.0000, Loss: 0.0002
LR: 0.000160, Acc: 100.0000, Loss: 0.0005
LR: 0.000160, Acc: 100.0000, Loss: 0.1572
LR: 0.000160, Acc: 100.0000, Loss: 0.0021
LR: 0.000159, Acc: 100.0000, Loss: 0.0004
LR: 0.000159, Acc: 100.0000, Loss: 0.0001
LR: 0.000159, Acc: 100.0000, Loss: 0.0050
LR: 0.000159, Acc: 50.0000, Loss: 0.6519
LR: 0.000158, Acc: 100.0000, Loss: 0.0002
LR: 0.000158, Acc: 100.0000, Loss: 0.0369
LR: 0.000158, Acc: 100.0000, Loss: 0.0744
LR: 0.000158, Acc: 100.0000, Loss: 0.0001
LR: 0.000157, Acc: 100.0000, Loss: 0.0198
LR: 0.000157, Acc: 100.0000, Loss: 0.0002
LR: 0.000157, Acc: 100.0000, Loss: 0.0006
LR: 0.000157, Acc: 100.0000, Loss: 0.0001
LR: 0.000156, Acc: 100.0000, Loss: 0.0001
LR: 0.000156, Acc: 100.0000, Loss: 0.0005
LR: 0.000156, Acc: 100.0000, Loss: 0.0003
LR: 0.000156, Acc: 100.0000, Loss: 0.0004
LR: 0.000155, Acc: 100.0000, Loss: 0.0002
LR: 0.000155, Acc: 100.0000, Loss: 0.0001
LR: 0.000155, Acc: 100.0000, Loss: 0.0035
LR: 0.000155, Acc: 100.0000, Loss: 0.0016
LR: 0.000154, Acc: 100.0000, Loss: 0.0001
LR: 0.000154, Acc: 100.0000, Loss: 0.0001
LR: 0.000154, Acc: 100.0000, Loss: 0.0005
LR: 0.000154, Acc: 100.0000, Loss: 0.0015
LR: 0.000153, Acc: 100.0000, Loss: 0.0017
LR: 0.000153, Acc: 100.0000, Loss: 0.0008
LR: 0.000153, Acc: 100.0000, Loss: 0.1516
LR: 0.000152, Acc: 100.0000, Loss: 0.0003
LR: 0.000152, Acc: 100.0000, Loss: 0.0029
LR: 0.000152, Acc: 100.0000, Loss: 0.0008
LR: 0.000152, Acc: 100.0000, Loss: 0.0002
LR: 0.000151, Acc: 100.0000, Loss: 0.0001
LR: 0.000151, Acc: 100.0000, Loss: 0.0005
LR: 0.000151, Acc: 100.0000, Loss: 0.0059
LR: 0.000151, Acc: 100.0000, Loss: 0.0019
LR: 0.000150, Acc: 100.0000, Loss: 0.0009
LR: 0.000150, Acc: 100.0000, Loss: 0.0001
LR: 0.000150, Acc: 100.0000, Loss: 0.0006
LR: 0.000150, Acc: 100.0000, Loss: 0.0001
LR: 0.000149, Acc: 100.0000, Loss: 0.0002
LR: 0.000149, Acc: 100.0000, Loss: 0.0004
LR: 0.000149, Acc: 100.0000, Loss: 0.0006
LR: 0.000148, Acc: 100.0000, Loss: 0.0002
LR: 0.000148, Acc: 100.0000, Loss: 0.0003
LR: 0.000148, Acc: 100.0000, Loss: 0.0001
LR: 0.000148, Acc: 100.0000, Loss: 0.0004
LR: 0.000147, Acc: 100.0000, Loss: 0.0006
LR: 0.000147, Acc: 100.0000, Loss: 0.0001
LR: 0.000147, Acc: 100.0000, Loss: 0.0002
LR: 0.000147, Acc: 100.0000, Loss: 0.0101
LR: 0.000146, Acc: 100.0000, Loss: 0.0002
LR: 0.000146, Acc: 100.0000, Loss: 0.0001
LR: 0.000146, Acc: 100.0000, Loss: 0.0001
LR: 0.000145, Acc: 100.0000, Loss: 0.0010
LR: 0.000145, Acc: 100.0000, Loss: 0.0004
LR: 0.000145, Acc: 100.0000, Loss: 0.0000
LR: 0.000145, Acc: 100.0000, Loss: 0.0001
LR: 0.000144, Acc: 100.0000, Loss: 0.0001
LR: 0.000144, Acc: 100.0000, Loss: 0.0003
LR: 0.000144, Acc: 100.0000, Loss: 0.0000
LR: 0.000143, Acc: 100.0000, Loss: 0.0001
LR: 0.000143, Acc: 100.0000, Loss: 0.0001
LR: 0.000143, Acc: 100.0000, Loss: 0.0001
LR: 0.000143, Acc: 100.0000, Loss: 0.0002
LR: 0.000142, Acc: 100.0000, Loss: 0.0002
LR: 0.000142, Acc: 100.0000, Loss: 0.0006
LR: 0.000142, Acc: 100.0000, Loss: 0.0025
LR: 0.000141, Acc: 100.0000, Loss: 0.0004
LR: 0.000141, Acc: 100.0000, Loss: 0.0027
LR: 0.000141, Acc: 100.0000, Loss: 0.0001
LR: 0.000141, Acc: 100.0000, Loss: 0.0001
LR: 0.000140, Acc: 100.0000, Loss: 0.0002
LR: 0.000140, Acc: 100.0000, Loss: 0.0561
LR: 0.000140, Acc: 100.0000, Loss: 0.0001
LR: 0.000139, Acc: 100.0000, Loss: 0.0002
LR: 0.000139, Acc: 100.0000, Loss: 0.0004
LR: 0.000139, Acc: 100.0000, Loss: 0.0113
LR: 0.000139, Acc: 100.0000, Loss: 0.0002
LR: 0.000138, Acc: 100.0000, Loss: 0.0000
LR: 0.000138, Acc: 100.0000, Loss: 0.0006
LR: 0.000138, Acc: 100.0000, Loss: 0.0047
LR: 0.000137, Acc: 100.0000, Loss: 0.0000
LR: 0.000137, Acc: 100.0000, Loss: 0.0001
LR: 0.000137, Acc: 100.0000, Loss: 0.0000
LR: 0.000137, Acc: 100.0000, Loss: 0.0001
LR: 0.000136, Acc: 100.0000, Loss: 0.0030
LR: 0.000136, Acc: 100.0000, Loss: 0.0009
LR: 0.000136, Acc: 100.0000, Loss: 0.0001
LR: 0.000135, Acc: 100.0000, Loss: 0.0001
LR: 0.000135, Acc: 100.0000, Loss: 0.0062
LR: 0.000135, Acc: 100.0000, Loss: 0.0000
LR: 0.000134, Acc: 100.0000, Loss: 0.0000
LR: 0.000134, Acc: 100.0000, Loss: 0.0001
LR: 0.000134, Acc: 100.0000, Loss: 0.0001
LR: 0.000134, Acc: 100.0000, Loss: 0.0004
LR: 0.000133, Acc: 100.0000, Loss: 0.0006
LR: 0.000133, Acc: 100.0000, Loss: 0.0006
LR: 0.000133, Acc: 100.0000, Loss: 0.0000
LR: 0.000132, Acc: 100.0000, Loss: 0.0000
LR: 0.000132, Acc: 100.0000, Loss: 0.0006
LR: 0.000132, Acc: 100.0000, Loss: 0.0001
LR: 0.000132, Acc: 100.0000, Loss: 0.0000
LR: 0.000131, Acc: 100.0000, Loss: 0.0001
LR: 0.000131, Acc: 100.0000, Loss: 0.0002
LR: 0.000131, Acc: 100.0000, Loss: 0.0001
LR: 0.000130, Acc: 100.0000, Loss: 0.0001
LR: 0.000130, Acc: 100.0000, Loss: 0.0000
LR: 0.000130, Acc: 100.0000, Loss: 0.0007
LR: 0.000129, Acc: 100.0000, Loss: 0.0002
LR: 0.000129, Acc: 100.0000, Loss: 0.0068
LR: 0.000129, Acc: 100.0000, Loss: 0.0001
LR: 0.000129, Acc: 100.0000, Loss: 0.0002
LR: 0.000128, Acc: 100.0000, Loss: 0.0008
LR: 0.000128, Acc: 100.0000, Loss: 0.0002
LR: 0.000128, Acc: 100.0000, Loss: 0.0000
LR: 0.000127, Acc: 100.0000, Loss: 0.0002
LR: 0.000127, Acc: 75.0000, Loss: 0.1813
LR: 0.000127, Acc: 100.0000, Loss: 0.0001
LR: 0.000126, Acc: 100.0000, Loss: 0.0002
LR: 0.000126, Acc: 100.0000, Loss: 0.0001
LR: 0.000126, Acc: 100.0000, Loss: 0.0001
LR: 0.000126, Acc: 100.0000, Loss: 0.0004
LR: 0.000125, Acc: 100.0000, Loss: 0.0001
LR: 0.000125, Acc: 100.0000, Loss: 0.0006
LR: 0.000125, Acc: 100.0000, Loss: 0.0001
LR: 0.000124, Acc: 100.0000, Loss: 0.0029
LR: 0.000124, Acc: 100.0000, Loss: 0.0005
LR: 0.000124, Acc: 100.0000, Loss: 0.0150
LR: 0.000123, Acc: 100.0000, Loss: 0.0009
LR: 0.000123, Acc: 100.0000, Loss: 0.0004
LR: 0.000123, Acc: 100.0000, Loss: 0.0002
LR: 0.000123, Acc: 100.0000, Loss: 0.0039
LR: 0.000122, Acc: 100.0000, Loss: 0.0062
LR: 0.000122, Acc: 100.0000, Loss: 0.0001
LR: 0.000122, Acc: 100.0000, Loss: 0.0001
LR: 0.000121, Acc: 100.0000, Loss: 0.0001
LR: 0.000121, Acc: 100.0000, Loss: 0.0002
LR: 0.000121, Acc: 100.0000, Loss: 0.0004
LR: 0.000120, Acc: 100.0000, Loss: 0.0001
LR: 0.000120, Acc: 100.0000, Loss: 0.0557
LR: 0.000120, Acc: 100.0000, Loss: 0.0006
LR: 0.000119, Acc: 100.0000, Loss: 0.0028
LR: 0.000119, Acc: 100.0000, Loss: 0.0006
LR: 0.000119, Acc: 100.0000, Loss: 0.0012
LR: 0.000119, Acc: 100.0000, Loss: 0.0002
LR: 0.000118, Acc: 100.0000, Loss: 0.0003
LR: 0.000118, Acc: 100.0000, Loss: 0.0001
LR: 0.000118, Acc: 100.0000, Loss: 0.0001
LR: 0.000117, Acc: 100.0000, Loss: 0.0002
LR: 0.000117, Acc: 100.0000, Loss: 0.0003
LR: 0.000117, Acc: 100.0000, Loss: 0.0011
LR: 0.000116, Acc: 100.0000, Loss: 0.0002
LR: 0.000116, Acc: 100.0000, Loss: 0.0002
LR: 0.000116, Acc: 100.0000, Loss: 0.0001
LR: 0.000115, Acc: 100.0000, Loss: 0.0002
LR: 0.000115, Acc: 100.0000, Loss: 0.0002
LR: 0.000115, Acc: 100.0000, Loss: 0.0007
LR: 0.000115, Acc: 100.0000, Loss: 0.0004
LR: 0.000114, Acc: 100.0000, Loss: 0.0306
LR: 0.000114, Acc: 100.0000, Loss: 0.0001
LR: 0.000114, Acc: 100.0000, Loss: 0.0001
LR: 0.000113, Acc: 100.0000, Loss: 0.0001
LR: 0.000113, Acc: 100.0000, Loss: 0.0001
LR: 0.000113, Acc: 100.0000, Loss: 0.0014
LR: 0.000112, Acc: 100.0000, Loss: 0.0005
LR: 0.000112, Acc: 100.0000, Loss: 0.0001
LR: 0.000112, Acc: 100.0000, Loss: 0.0003
LR: 0.000111, Acc: 100.0000, Loss: 0.0002
LR: 0.000111, Acc: 100.0000, Loss: 0.0000
LR: 0.000111, Acc: 100.0000, Loss: 0.0001
LR: 0.000110, Acc: 100.0000, Loss: 0.0001
LR: 0.000110, Acc: 100.0000, Loss: 0.0015
LR: 0.000110, Acc: 100.0000, Loss: 0.0002
LR: 0.000110, Acc: 100.0000, Loss: 0.0011
LR: 0.000109, Acc: 100.0000, Loss: 0.0002
LR: 0.000109, Acc: 100.0000, Loss: 0.0003
LR: 0.000109, Acc: 100.0000, Loss: 0.0264
LR: 0.000108, Acc: 100.0000, Loss: 0.0001
LR: 0.000108, Acc: 100.0000, Loss: 0.0019
LR: 0.000108, Acc: 100.0000, Loss: 0.0000
LR: 0.000107, Acc: 100.0000, Loss: 0.0068
LR: 0.000107, Acc: 100.0000, Loss: 0.0000
LR: 0.000107, Acc: 100.0000, Loss: 0.0016
LR: 0.000106, Acc: 100.0000, Loss: 0.0002
LR: 0.000106, Acc: 100.0000, Loss: 0.0002
LR: 0.000106, Acc: 100.0000, Loss: 0.0002
LR: 0.000105, Acc: 100.0000, Loss: 0.0028
LR: 0.000105, Acc: 100.0000, Loss: 0.0003
LR: 0.000105, Acc: 100.0000, Loss: 0.0001
LR: 0.000105, Acc: 100.0000, Loss: 0.0003
LR: 0.000104, Acc: 100.0000, Loss: 0.0002
LR: 0.000104, Acc: 100.0000, Loss: 0.0000
LR: 0.000104, Acc: 100.0000, Loss: 0.0001
LR: 0.000103, Acc: 100.0000, Loss: 0.0003
LR: 0.000103, Acc: 100.0000, Loss: 0.0007
LR: 0.000103, Acc: 100.0000, Loss: 0.0001
LR: 0.000102, Acc: 100.0000, Loss: 0.0000
LR: 0.000102, Acc: 100.0000, Loss: 0.0002
LR: 0.000102, Acc: 100.0000, Loss: 0.0000
LR: 0.000101, Acc: 100.0000, Loss: 0.0000
LR: 0.000101, Acc: 100.0000, Loss: 0.0021
LR: 0.000101, Acc: 100.0000, Loss: 0.0005
LR: 0.000100, Acc: 100.0000, Loss: 0.0012
LR: 0.000100, Acc: 100.0000, Loss: 0.0002
LR: 0.000100, Acc: 100.0000, Loss: 0.0010
LR: 0.000100, Acc: 100.0000, Loss: 0.0003
LR: 0.000099, Acc: 100.0000, Loss: 0.0000
LR: 0.000099, Acc: 100.0000, Loss: 0.0005
LR: 0.000099, Acc: 100.0000, Loss: 0.0000
LR: 0.000098, Acc: 100.0000, Loss: 0.0000
LR: 0.000098, Acc: 100.0000, Loss: 0.0000
LR: 0.000098, Acc: 100.0000, Loss: 0.0001
LR: 0.000097, Acc: 100.0000, Loss: 0.0000
LR: 0.000097, Acc: 100.0000, Loss: 0.0131
LR: 0.000097, Acc: 100.0000, Loss: 0.0000
LR: 0.000096, Acc: 100.0000, Loss: 0.0000
LR: 0.000096, Acc: 100.0000, Loss: 0.0001
LR: 0.000096, Acc: 100.0000, Loss: 0.0003
LR: 0.000096, Acc: 100.0000, Loss: 0.0000
LR: 0.000095, Acc: 100.0000, Loss: 0.0000
LR: 0.000095, Acc: 100.0000, Loss: 0.0029
LR: 0.000095, Acc: 100.0000, Loss: 0.0001
LR: 0.000094, Acc: 100.0000, Loss: 0.0002
LR: 0.000094, Acc: 100.0000, Loss: 0.0000
LR: 0.000094, Acc: 100.0000, Loss: 0.0001
LR: 0.000093, Acc: 100.0000, Loss: 0.0003
LR: 0.000093, Acc: 100.0000, Loss: 0.0008
LR: 0.000093, Acc: 100.0000, Loss: 0.0333
LR: 0.000092, Acc: 100.0000, Loss: 0.0016
LR: 0.000092, Acc: 100.0000, Loss: 0.0004
LR: 0.000092, Acc: 100.0000, Loss: 0.0018
LR: 0.000091, Acc: 100.0000, Loss: 0.0002
LR: 0.000091, Acc: 100.0000, Loss: 0.0000
LR: 0.000091, Acc: 100.0000, Loss: 0.0001
LR: 0.000091, Acc: 100.0000, Loss: 0.0000
LR: 0.000090, Acc: 100.0000, Loss: 0.0060
LR: 0.000090, Acc: 100.0000, Loss: 0.0001
LR: 0.000090, Acc: 100.0000, Loss: 0.0000
LR: 0.000089, Acc: 100.0000, Loss: 0.0007
LR: 0.000089, Acc: 100.0000, Loss: 0.0000
LR: 0.000089, Acc: 100.0000, Loss: 0.0006
LR: 0.000088, Acc: 100.0000, Loss: 0.0001
LR: 0.000088, Acc: 100.0000, Loss: 0.0000
LR: 0.000088, Acc: 100.0000, Loss: 0.0000
LR: 0.000087, Acc: 100.0000, Loss: 0.0000
LR: 0.000087, Acc: 100.0000, Loss: 0.0000
LR: 0.000087, Acc: 100.0000, Loss: 0.0003
LR: 0.000086, Acc: 100.0000, Loss: 0.0002
LR: 0.000086, Acc: 100.0000, Loss: 0.0000
LR: 0.000086, Acc: 100.0000, Loss: 0.0000
LR: 0.000086, Acc: 100.0000, Loss: 0.0015
LR: 0.000085, Acc: 100.0000, Loss: 0.0001
LR: 0.000085, Acc: 100.0000, Loss: 0.0019
LR: 0.000085, Acc: 100.0000, Loss: 0.0018
LR: 0.000084, Acc: 100.0000, Loss: 0.0001
LR: 0.000084, Acc: 100.0000, Loss: 0.0001
LR: 0.000084, Acc: 100.0000, Loss: 0.0001
LR: 0.000083, Acc: 100.0000, Loss: 0.0001
LR: 0.000083, Acc: 100.0000, Loss: 0.0001
LR: 0.000083, Acc: 100.0000, Loss: 0.0002
LR: 0.000082, Acc: 100.0000, Loss: 0.0009
LR: 0.000082, Acc: 100.0000, Loss: 0.0001
LR: 0.000082, Acc: 100.0000, Loss: 0.0001
LR: 0.000082, Acc: 100.0000, Loss: 0.0005
LR: 0.000081, Acc: 100.0000, Loss: 0.0011
LR: 0.000081, Acc: 100.0000, Loss: 0.0003
LR: 0.000081, Acc: 100.0000, Loss: 0.0001
LR: 0.000080, Acc: 100.0000, Loss: 0.0001
LR: 0.000080, Acc: 100.0000, Loss: 0.0012
LR: 0.000080, Acc: 100.0000, Loss: 0.0000
LR: 0.000079, Acc: 100.0000, Loss: 0.0101
LR: 0.000079, Acc: 100.0000, Loss: 0.0003
LR: 0.000079, Acc: 100.0000, Loss: 0.0023
LR: 0.000078, Acc: 100.0000, Loss: 0.0001
LR: 0.000078, Acc: 100.0000, Loss: 0.0006
LR: 0.000078, Acc: 100.0000, Loss: 0.0000
LR: 0.000078, Acc: 100.0000, Loss: 0.0010
LR: 0.000077, Acc: 100.0000, Loss: 0.0002
LR: 0.000077, Acc: 100.0000, Loss: 0.0001
LR: 0.000077, Acc: 100.0000, Loss: 0.0000
LR: 0.000076, Acc: 100.0000, Loss: 0.0000
LR: 0.000076, Acc: 100.0000, Loss: 0.0001
LR: 0.000076, Acc: 100.0000, Loss: 0.0002
LR: 0.000075, Acc: 100.0000, Loss: 0.0013
LR: 0.000075, Acc: 100.0000, Loss: 0.0004
LR: 0.000075, Acc: 100.0000, Loss: 0.0124
LR: 0.000075, Acc: 100.0000, Loss: 0.0367
LR: 0.000074, Acc: 100.0000, Loss: 0.0024
LR: 0.000074, Acc: 100.0000, Loss: 0.0000
LR: 0.000074, Acc: 100.0000, Loss: 0.0001
LR: 0.000073, Acc: 100.0000, Loss: 0.0000
LR: 0.000073, Acc: 100.0000, Loss: 0.0000
LR: 0.000073, Acc: 100.0000, Loss: 0.0247
LR: 0.000072, Acc: 100.0000, Loss: 0.0000
LR: 0.000072, Acc: 100.0000, Loss: 0.0001
LR: 0.000072, Acc: 100.0000, Loss: 0.0000
LR: 0.000072, Acc: 100.0000, Loss: 0.0278
LR: 0.000071, Acc: 100.0000, Loss: 0.0001
LR: 0.000071, Acc: 100.0000, Loss: 0.0000
LR: 0.000071, Acc: 100.0000, Loss: 0.0001
LR: 0.000070, Acc: 100.0000, Loss: 0.0014
LR: 0.000070, Acc: 100.0000, Loss: 0.0001
LR: 0.000070, Acc: 100.0000, Loss: 0.0038
LR: 0.000069, Acc: 100.0000, Loss: 0.0588
LR: 0.000069, Acc: 100.0000, Loss: 0.0000
LR: 0.000069, Acc: 100.0000, Loss: 0.0009
LR: 0.000069, Acc: 100.0000, Loss: 0.0001
LR: 0.000068, Acc: 100.0000, Loss: 0.0090
LR: 0.000068, Acc: 100.0000, Loss: 0.0000
LR: 0.000068, Acc: 100.0000, Loss: 0.0000
LR: 0.000067, Acc: 100.0000, Loss: 0.0000
LR: 0.000067, Acc: 100.0000, Loss: 0.0001
LR: 0.000067, Acc: 100.0000, Loss: 0.0001
LR: 0.000067, Acc: 100.0000, Loss: 0.0000
LR: 0.000066, Acc: 100.0000, Loss: 0.0000
LR: 0.000066, Acc: 100.0000, Loss: 0.0001
LR: 0.000066, Acc: 100.0000, Loss: 0.0001
LR: 0.000065, Acc: 100.0000, Loss: 0.0011
LR: 0.000065, Acc: 100.0000, Loss: 0.0000
LR: 0.000065, Acc: 100.0000, Loss: 0.0002
LR: 0.000064, Acc: 100.0000, Loss: 0.0000
LR: 0.000064, Acc: 100.0000, Loss: 0.0000
LR: 0.000064, Acc: 100.0000, Loss: 0.0014
LR: 0.000064, Acc: 100.0000, Loss: 0.0000
LR: 0.000063, Acc: 100.0000, Loss: 0.0000
LR: 0.000063, Acc: 100.0000, Loss: 0.0004
LR: 0.000063, Acc: 100.0000, Loss: 0.0000
LR: 0.000062, Acc: 100.0000, Loss: 0.0062
LR: 0.000062, Acc: 100.0000, Loss: 0.0000
LR: 0.000062, Acc: 100.0000, Loss: 0.0000
LR: 0.000062, Acc: 100.0000, Loss: 0.0000
LR: 0.000061, Acc: 100.0000, Loss: 0.0001
LR: 0.000061, Acc: 100.0000, Loss: 0.0002
LR: 0.000061, Acc: 100.0000, Loss: 0.0008
LR: 0.000060, Acc: 100.0000, Loss: 0.0001
LR: 0.000060, Acc: 100.0000, Loss: 0.0007
LR: 0.000060, Acc: 100.0000, Loss: 0.0001
LR: 0.000060, Acc: 100.0000, Loss: 0.0004
LR: 0.000059, Acc: 100.0000, Loss: 0.0004
LR: 0.000059, Acc: 100.0000, Loss: 0.0001
LR: 0.000059, Acc: 100.0000, Loss: 0.0001
LR: 0.000058, Acc: 100.0000, Loss: 0.0003
LR: 0.000058, Acc: 100.0000, Loss: 0.0001
LR: 0.000058, Acc: 100.0000, Loss: 0.0000
LR: 0.000058, Acc: 100.0000, Loss: 0.0001
LR: 0.000057, Acc: 100.0000, Loss: 0.0000
LR: 0.000057, Acc: 100.0000, Loss: 0.0003
LR: 0.000057, Acc: 100.0000, Loss: 0.0027
LR: 0.000056, Acc: 100.0000, Loss: 0.0012
LR: 0.000056, Acc: 100.0000, Loss: 0.0000
LR: 0.000056, Acc: 100.0000, Loss: 0.0000
LR: 0.000056, Acc: 100.0000, Loss: 0.0006
LR: 0.000055, Acc: 100.0000, Loss: 0.0000
LR: 0.000055, Acc: 100.0000, Loss: 0.0006
LR: 0.000055, Acc: 100.0000, Loss: 0.0000
LR: 0.000054, Acc: 100.0000, Loss: 0.0011
LR: 0.000054, Acc: 100.0000, Loss: 0.0000
LR: 0.000054, Acc: 100.0000, Loss: 0.0010
LR: 0.000054, Acc: 100.0000, Loss: 0.0000
LR: 0.000053, Acc: 100.0000, Loss: 0.0129
LR: 0.000053, Acc: 100.0000, Loss: 0.0002
LR: 0.000053, Acc: 100.0000, Loss: 0.0004
LR: 0.000053, Acc: 100.0000, Loss: 0.0001
LR: 0.000052, Acc: 100.0000, Loss: 0.0001
LR: 0.000052, Acc: 100.0000, Loss: 0.0000
LR: 0.000052, Acc: 100.0000, Loss: 0.0000
LR: 0.000051, Acc: 100.0000, Loss: 0.0002
LR: 0.000051, Acc: 100.0000, Loss: 0.0000
LR: 0.000051, Acc: 100.0000, Loss: 0.0000
LR: 0.000051, Acc: 100.0000, Loss: 0.0003
LR: 0.000050, Acc: 100.0000, Loss: 0.0000
LR: 0.000050, Acc: 100.0000, Loss: 0.0000
LR: 0.000050, Acc: 100.0000, Loss: 0.0000
LR: 0.000050, Acc: 100.0000, Loss: 0.0004
LR: 0.000049, Acc: 100.0000, Loss: 0.0000
LR: 0.000049, Acc: 100.0000, Loss: 0.0000
LR: 0.000049, Acc: 100.0000, Loss: 0.0001
LR: 0.000049, Acc: 100.0000, Loss: 0.0000
LR: 0.000048, Acc: 100.0000, Loss: 0.0000
LR: 0.000048, Acc: 100.0000, Loss: 0.0000
LR: 0.000048, Acc: 100.0000, Loss: 0.0571
LR: 0.000047, Acc: 100.0000, Loss: 0.0018
LR: 0.000047, Acc: 100.0000, Loss: 0.0000
LR: 0.000047, Acc: 75.0000, Loss: 0.4712
LR: 0.000047, Acc: 100.0000, Loss: 0.0000
LR: 0.000046, Acc: 100.0000, Loss: 0.0000
LR: 0.000046, Acc: 100.0000, Loss: 0.0007
LR: 0.000046, Acc: 100.0000, Loss: 0.0001
LR: 0.000046, Acc: 100.0000, Loss: 0.0003
LR: 0.000045, Acc: 100.0000, Loss: 0.0026
LR: 0.000045, Acc: 100.0000, Loss: 0.0001
LR: 0.000045, Acc: 100.0000, Loss: 0.0009
LR: 0.000045, Acc: 100.0000, Loss: 0.0001
LR: 0.000044, Acc: 100.0000, Loss: 0.0001
LR: 0.000044, Acc: 100.0000, Loss: 0.0000
LR: 0.000044, Acc: 100.0000, Loss: 0.0000
LR: 0.000044, Acc: 100.0000, Loss: 0.0000
LR: 0.000043, Acc: 100.0000, Loss: 0.0001
LR: 0.000043, Acc: 100.0000, Loss: 0.0001
LR: 0.000043, Acc: 100.0000, Loss: 0.0009
LR: 0.000043, Acc: 100.0000, Loss: 0.0712
LR: 0.000042, Acc: 100.0000, Loss: 0.0471
LR: 0.000042, Acc: 100.0000, Loss: 0.0002
LR: 0.000042, Acc: 100.0000, Loss: 0.0001
LR: 0.000042, Acc: 100.0000, Loss: 0.0001
LR: 0.000041, Acc: 100.0000, Loss: 0.0000
LR: 0.000041, Acc: 100.0000, Loss: 0.0000
LR: 0.000041, Acc: 100.0000, Loss: 0.0001
LR: 0.000041, Acc: 100.0000, Loss: 0.0000
LR: 0.000040, Acc: 100.0000, Loss: 0.0001
LR: 0.000040, Acc: 100.0000, Loss: 0.0000
LR: 0.000040, Acc: 100.0000, Loss: 0.0000
LR: 0.000040, Acc: 100.0000, Loss: 0.0001
LR: 0.000039, Acc: 100.0000, Loss: 0.0000
LR: 0.000039, Acc: 100.0000, Loss: 0.0001
LR: 0.000039, Acc: 100.0000, Loss: 0.0000
LR: 0.000039, Acc: 100.0000, Loss: 0.0003
LR: 0.000038, Acc: 100.0000, Loss: 0.0001
LR: 0.000038, Acc: 100.0000, Loss: 0.0005
LR: 0.000038, Acc: 100.0000, Loss: 0.0002
LR: 0.000038, Acc: 100.0000, Loss: 0.0050
LR: 0.000037, Acc: 100.0000, Loss: 0.0008
LR: 0.000037, Acc: 100.0000, Loss: 0.0002
LR: 0.000037, Acc: 100.0000, Loss: 0.0000
LR: 0.000037, Acc: 100.0000, Loss: 0.0001
LR: 0.000036, Acc: 100.0000, Loss: 0.0000
LR: 0.000036, Acc: 100.0000, Loss: 0.0564
LR: 0.000036, Acc: 100.0000, Loss: 0.0000
LR: 0.000036, Acc: 100.0000, Loss: 0.0001
LR: 0.000035, Acc: 100.0000, Loss: 0.0254
LR: 0.000035, Acc: 100.0000, Loss: 0.0001
LR: 0.000035, Acc: 100.0000, Loss: 0.0000
LR: 0.000035, Acc: 100.0000, Loss: 0.0001
LR: 0.000034, Acc: 100.0000, Loss: 0.0000
LR: 0.000034, Acc: 100.0000, Loss: 0.0001
LR: 0.000034, Acc: 100.0000, Loss: 0.0000
LR: 0.000034, Acc: 100.0000, Loss: 0.0011
LR: 0.000034, Acc: 100.0000, Loss: 0.0000
LR: 0.000033, Acc: 100.0000, Loss: 0.0001
LR: 0.000033, Acc: 100.0000, Loss: 0.0000
LR: 0.000033, Acc: 100.0000, Loss: 0.0000
LR: 0.000033, Acc: 100.0000, Loss: 0.0000
LR: 0.000032, Acc: 100.0000, Loss: 0.0011
LR: 0.000032, Acc: 100.0000, Loss: 0.0002
LR: 0.000032, Acc: 100.0000, Loss: 0.0011
LR: 0.000032, Acc: 100.0000, Loss: 0.0003
LR: 0.000031, Acc: 100.0000, Loss: 0.0001
LR: 0.000031, Acc: 100.0000, Loss: 0.0007
LR: 0.000031, Acc: 100.0000, Loss: 0.0000
LR: 0.000031, Acc: 100.0000, Loss: 0.0004
LR: 0.000031, Acc: 100.0000, Loss: 0.0000
LR: 0.000030, Acc: 100.0000, Loss: 0.0088
LR: 0.000030, Acc: 100.0000, Loss: 0.0000
LR: 0.000030, Acc: 100.0000, Loss: 0.0001
LR: 0.000030, Acc: 100.0000, Loss: 0.0010
LR: 0.000029, Acc: 100.0000, Loss: 0.0004
LR: 0.000029, Acc: 100.0000, Loss: 0.0000
LR: 0.000029, Acc: 100.0000, Loss: 0.0001
LR: 0.000029, Acc: 100.0000, Loss: 0.0001
LR: 0.000029, Acc: 100.0000, Loss: 0.0000
LR: 0.000028, Acc: 100.0000, Loss: 0.0005
LR: 0.000028, Acc: 100.0000, Loss: 0.0034
LR: 0.000028, Acc: 100.0000, Loss: 0.0000
LR: 0.000028, Acc: 100.0000, Loss: 0.0000
LR: 0.000028, Acc: 100.0000, Loss: 0.0000
LR: 0.000027, Acc: 100.0000, Loss: 0.0002
LR: 0.000027, Acc: 100.0000, Loss: 0.0000
LR: 0.000027, Acc: 100.0000, Loss: 0.0001
LR: 0.000027, Acc: 100.0000, Loss: 0.0004
LR: 0.000026, Acc: 100.0000, Loss: 0.0001
LR: 0.000026, Acc: 100.0000, Loss: 0.0012
LR: 0.000026, Acc: 100.0000, Loss: 0.0011
LR: 0.000026, Acc: 100.0000, Loss: 0.0003
LR: 0.000026, Acc: 100.0000, Loss: 0.0006
LR: 0.000025, Acc: 100.0000, Loss: 0.0001
LR: 0.000025, Acc: 100.0000, Loss: 0.0000
LR: 0.000025, Acc: 100.0000, Loss: 0.0039
LR: 0.000025, Acc: 100.0000, Loss: 0.0015
LR: 0.000025, Acc: 100.0000, Loss: 0.0000
LR: 0.000024, Acc: 100.0000, Loss: 0.0001
LR: 0.000024, Acc: 100.0000, Loss: 0.0000
LR: 0.000024, Acc: 100.0000, Loss: 0.0234
LR: 0.000024, Acc: 100.0000, Loss: 0.0000
LR: 0.000024, Acc: 100.0000, Loss: 0.0000
LR: 0.000023, Acc: 100.0000, Loss: 0.0000
LR: 0.000023, Acc: 100.0000, Loss: 0.0000
LR: 0.000023, Acc: 100.0000, Loss: 0.0000
LR: 0.000023, Acc: 100.0000, Loss: 0.0003
LR: 0.000023, Acc: 100.0000, Loss: 0.0000
LR: 0.000022, Acc: 100.0000, Loss: 0.0008
LR: 0.000022, Acc: 100.0000, Loss: 0.0000
LR: 0.000022, Acc: 100.0000, Loss: 0.0007
LR: 0.000022, Acc: 100.0000, Loss: 0.0001
LR: 0.000022, Acc: 100.0000, Loss: 0.0000
LR: 0.000021, Acc: 100.0000, Loss: 0.0000
LR: 0.000021, Acc: 100.0000, Loss: 0.0039
LR: 0.000021, Acc: 100.0000, Loss: 0.0001
LR: 0.000021, Acc: 100.0000, Loss: 0.0198
LR: 0.000021, Acc: 100.0000, Loss: 0.0071
LR: 0.000021, Acc: 100.0000, Loss: 0.0012
LR: 0.000020, Acc: 100.0000, Loss: 0.0020
LR: 0.000020, Acc: 100.0000, Loss: 0.0001
LR: 0.000020, Acc: 100.0000, Loss: 0.0000
LR: 0.000020, Acc: 100.0000, Loss: 0.0002
LR: 0.000020, Acc: 100.0000, Loss: 0.0000
LR: 0.000019, Acc: 100.0000, Loss: 0.0003
LR: 0.000019, Acc: 100.0000, Loss: 0.0005
LR: 0.000019, Acc: 100.0000, Loss: 0.0000
LR: 0.000019, Acc: 100.0000, Loss: 0.0001
LR: 0.000019, Acc: 100.0000, Loss: 0.0001
LR: 0.000019, Acc: 100.0000, Loss: 0.0018
LR: 0.000018, Acc: 100.0000, Loss: 0.0002
LR: 0.000018, Acc: 100.0000, Loss: 0.0001
LR: 0.000018, Acc: 100.0000, Loss: 0.0000
LR: 0.000018, Acc: 100.0000, Loss: 0.0017
LR: 0.000018, Acc: 100.0000, Loss: 0.0001
LR: 0.000018, Acc: 100.0000, Loss: 0.0005
LR: 0.000017, Acc: 100.0000, Loss: 0.0028
LR: 0.000017, Acc: 100.0000, Loss: 0.0000
LR: 0.000017, Acc: 100.0000, Loss: 0.0001
LR: 0.000017, Acc: 100.0000, Loss: 0.0000
LR: 0.000017, Acc: 100.0000, Loss: 0.0011
LR: 0.000016, Acc: 100.0000, Loss: 0.0129
LR: 0.000016, Acc: 100.0000, Loss: 0.0055
LR: 0.000016, Acc: 100.0000, Loss: 0.0000
LR: 0.000016, Acc: 100.0000, Loss: 0.0006
LR: 0.000016, Acc: 100.0000, Loss: 0.0003
LR: 0.000016, Acc: 100.0000, Loss: 0.0000
LR: 0.000015, Acc: 100.0000, Loss: 0.0001
LR: 0.000015, Acc: 100.0000, Loss: 0.0010
LR: 0.000015, Acc: 100.0000, Loss: 0.0002
LR: 0.000015, Acc: 100.0000, Loss: 0.0010
LR: 0.000015, Acc: 100.0000, Loss: 0.0008
LR: 0.000015, Acc: 100.0000, Loss: 0.0001
LR: 0.000015, Acc: 100.0000, Loss: 0.0000
LR: 0.000014, Acc: 100.0000, Loss: 0.0001
LR: 0.000014, Acc: 100.0000, Loss: 0.0000
LR: 0.000014, Acc: 100.0000, Loss: 0.0001
LR: 0.000014, Acc: 100.0000, Loss: 0.0000
LR: 0.000014, Acc: 100.0000, Loss: 0.0008
LR: 0.000014, Acc: 100.0000, Loss: 0.0001
LR: 0.000013, Acc: 100.0000, Loss: 0.0003
LR: 0.000013, Acc: 100.0000, Loss: 0.0015
LR: 0.000013, Acc: 100.0000, Loss: 0.0001
LR: 0.000013, Acc: 100.0000, Loss: 0.0025
LR: 0.000013, Acc: 100.0000, Loss: 0.0000
LR: 0.000013, Acc: 100.0000, Loss: 0.0000
LR: 0.000013, Acc: 100.0000, Loss: 0.0000
LR: 0.000012, Acc: 100.0000, Loss: 0.0000
LR: 0.000012, Acc: 100.0000, Loss: 0.0000
LR: 0.000012, Acc: 100.0000, Loss: 0.0001
LR: 0.000012, Acc: 100.0000, Loss: 0.0000
LR: 0.000012, Acc: 100.0000, Loss: 0.0000
LR: 0.000012, Acc: 100.0000, Loss: 0.0000
LR: 0.000012, Acc: 100.0000, Loss: 0.0007
LR: 0.000011, Acc: 100.0000, Loss: 0.0002
LR: 0.000011, Acc: 100.0000, Loss: 0.0000
LR: 0.000011, Acc: 100.0000, Loss: 0.0001
LR: 0.000011, Acc: 100.0000, Loss: 0.0001
LR: 0.000011, Acc: 100.0000, Loss: 0.0000
LR: 0.000011, Acc: 100.0000, Loss: 0.0086
LR: 0.000011, Acc: 100.0000, Loss: 0.0002
LR: 0.000010, Acc: 100.0000, Loss: 0.0010
LR: 0.000010, Acc: 100.0000, Loss: 0.0000
LR: 0.000010, Acc: 100.0000, Loss: 0.0000
LR: 0.000010, Acc: 100.0000, Loss: 0.0000
LR: 0.000010, Acc: 100.0000, Loss: 0.0001
LR: 0.000010, Acc: 100.0000, Loss: 0.0000
LR: 0.000010, Acc: 100.0000, Loss: 0.0000
LR: 0.000010, Acc: 100.0000, Loss: 0.0001
LR: 0.000009, Acc: 100.0000, Loss: 0.0003
LR: 0.000009, Acc: 100.0000, Loss: 0.0000
LR: 0.000009, Acc: 100.0000, Loss: 0.0001
LR: 0.000009, Acc: 100.0000, Loss: 0.0000
LR: 0.000009, Acc: 100.0000, Loss: 0.0004
LR: 0.000009, Acc: 100.0000, Loss: 0.0000
LR: 0.000009, Acc: 100.0000, Loss: 0.0000
LR: 0.000009, Acc: 100.0000, Loss: 0.0011
LR: 0.000008, Acc: 100.0000, Loss: 0.0000
LR: 0.000008, Acc: 100.0000, Loss: 0.0003
LR: 0.000008, Acc: 100.0000, Loss: 0.0000
LR: 0.000008, Acc: 100.0000, Loss: 0.0000
LR: 0.000008, Acc: 100.0000, Loss: 0.0001
LR: 0.000008, Acc: 100.0000, Loss: 0.0002
LR: 0.000008, Acc: 100.0000, Loss: 0.0000
LR: 0.000008, Acc: 100.0000, Loss: 0.0047
LR: 0.000008, Acc: 100.0000, Loss: 0.0006
LR: 0.000007, Acc: 100.0000, Loss: 0.0000
LR: 0.000007, Acc: 100.0000, Loss: 0.0000
LR: 0.000007, Acc: 100.0000, Loss: 0.0000
LR: 0.000007, Acc: 100.0000, Loss: 0.0001
LR: 0.000007, Acc: 100.0000, Loss: 0.0001
LR: 0.000007, Acc: 100.0000, Loss: 0.0000
LR: 0.000007, Acc: 100.0000, Loss: 0.0000
LR: 0.000007, Acc: 100.0000, Loss: 0.0025
LR: 0.000007, Acc: 100.0000, Loss: 0.0083
LR: 0.000006, Acc: 100.0000, Loss: 0.0000
LR: 0.000006, Acc: 100.0000, Loss: 0.0000
LR: 0.000006, Acc: 100.0000, Loss: 0.0000
LR: 0.000006, Acc: 100.0000, Loss: 0.0000
LR: 0.000006, Acc: 100.0000, Loss: 0.0000
LR: 0.000006, Acc: 100.0000, Loss: 0.0013
LR: 0.000006, Acc: 100.0000, Loss: 0.0202
LR: 0.000006, Acc: 100.0000, Loss: 0.0002
LR: 0.000006, Acc: 100.0000, Loss: 0.0002
LR: 0.000006, Acc: 100.0000, Loss: 0.0001
LR: 0.000005, Acc: 100.0000, Loss: 0.0005
LR: 0.000005, Acc: 100.0000, Loss: 0.0000
LR: 0.000005, Acc: 100.0000, Loss: 0.0000
LR: 0.000005, Acc: 100.0000, Loss: 0.0001
LR: 0.000005, Acc: 100.0000, Loss: 0.0000
LR: 0.000005, Acc: 100.0000, Loss: 0.0000
LR: 0.000005, Acc: 100.0000, Loss: 0.0000
LR: 0.000005, Acc: 100.0000, Loss: 0.0001
LR: 0.000005, Acc: 100.0000, Loss: 0.0000
LR: 0.000005, Acc: 100.0000, Loss: 0.0001
LR: 0.000005, Acc: 100.0000, Loss: 0.0000
LR: 0.000005, Acc: 100.0000, Loss: 0.0304
LR: 0.000004, Acc: 100.0000, Loss: 0.0001
LR: 0.000004, Acc: 100.0000, Loss: 0.0000
LR: 0.000004, Acc: 100.0000, Loss: 0.0000
LR: 0.000004, Acc: 100.0000, Loss: 0.0092
LR: 0.000004, Acc: 100.0000, Loss: 0.0003
LR: 0.000004, Acc: 100.0000, Loss: 0.0000
LR: 0.000004, Acc: 100.0000, Loss: 0.0000
LR: 0.000004, Acc: 100.0000, Loss: 0.0000
LR: 0.000004, Acc: 100.0000, Loss: 0.0002
LR: 0.000004, Acc: 100.0000, Loss: 0.0001
LR: 0.000004, Acc: 100.0000, Loss: 0.0000
LR: 0.000004, Acc: 100.0000, Loss: 0.0000
LR: 0.000004, Acc: 100.0000, Loss: 0.0005
LR: 0.000003, Acc: 100.0000, Loss: 0.0000
LR: 0.000003, Acc: 100.0000, Loss: 0.0000
LR: 0.000003, Acc: 100.0000, Loss: 0.0049
LR: 0.000003, Acc: 100.0000, Loss: 0.0002
LR: 0.000003, Acc: 100.0000, Loss: 0.0000
LR: 0.000003, Acc: 100.0000, Loss: 0.0000
LR: 0.000003, Acc: 100.0000, Loss: 0.0001
LR: 0.000003, Acc: 100.0000, Loss: 0.0000
LR: 0.000003, Acc: 100.0000, Loss: 0.0000
LR: 0.000003, Acc: 100.0000, Loss: 0.0000
LR: 0.000003, Acc: 100.0000, Loss: 0.0000
LR: 0.000003, Acc: 100.0000, Loss: 0.0044
LR: 0.000003, Acc: 100.0000, Loss: 0.0003
LR: 0.000003, Acc: 100.0000, Loss: 0.0000
LR: 0.000003, Acc: 100.0000, Loss: 0.0001
LR: 0.000003, Acc: 100.0000, Loss: 0.0131
LR: 0.000002, Acc: 100.0000, Loss: 0.0000
LR: 0.000002, Acc: 100.0000, Loss: 0.0000
LR: 0.000002, Acc: 100.0000, Loss: 0.0000
LR: 0.000002, Acc: 100.0000, Loss: 0.0000
LR: 0.000002, Acc: 100.0000, Loss: 0.0007
LR: 0.000002, Acc: 100.0000, Loss: 0.0000
LR: 0.000002, Acc: 100.0000, Loss: 0.0000
LR: 0.000002, Acc: 100.0000, Loss: 0.0000
LR: 0.000002, Acc: 100.0000, Loss: 0.0001
LR: 0.000002, Acc: 100.0000, Loss: 0.0000
LR: 0.000002, Acc: 100.0000, Loss: 0.0000
LR: 0.000002, Acc: 100.0000, Loss: 0.0001
LR: 0.000002, Acc: 100.0000, Loss: 0.0027
LR: 0.000002, Acc: 100.0000, Loss: 0.0002
LR: 0.000002, Acc: 100.0000, Loss: 0.0000
LR: 0.000002, Acc: 100.0000, Loss: 0.0006
LR: 0.000002, Acc: 100.0000, Loss: 0.0018
LR: 0.000002, Acc: 100.0000, Loss: 0.0004
LR: 0.000002, Acc: 100.0000, Loss: 0.0002
LR: 0.000002, Acc: 100.0000, Loss: 0.0044
LR: 0.000002, Acc: 100.0000, Loss: 0.0038
LR: 0.000002, Acc: 100.0000, Loss: 0.0001
LR: 0.000002, Acc: 100.0000, Loss: 0.0012
LR: 0.000002, Acc: 100.0000, Loss: 0.0091
LR: 0.000001, Acc: 100.0000, Loss: 0.0005
LR: 0.000001, Acc: 100.0000, Loss: 0.0000
LR: 0.000001, Acc: 100.0000, Loss: 0.0015
LR: 0.000001, Acc: 100.0000, Loss: 0.0170
LR: 0.000001, Acc: 100.0000, Loss: 0.0000
LR: 0.000001, Acc: 100.0000, Loss: 0.0000
LR: 0.000001, Acc: 100.0000, Loss: 0.0000
LR: 0.000001, Acc: 100.0000, Loss: 0.0000
LR: 0.000001, Acc: 100.0000, Loss: 0.0000
LR: 0.000001, Acc: 100.0000, Loss: 0.0000
LR: 0.000001, Acc: 100.0000, Loss: 0.0001
LR: 0.000001, Acc: 100.0000, Loss: 0.0000
LR: 0.000001, Acc: 100.0000, Loss: 0.0001
LR: 0.000001, Acc: 100.0000, Loss: 0.0000
LR: 0.000001, Acc: 100.0000, Loss: 0.0001
LR: 0.000001, Acc: 100.0000, Loss: 0.0000
LR: 0.000001, Acc: 100.0000, Loss: 0.0000
LR: 0.000001, Acc: 100.0000, Loss: 0.1171
LR: 0.000001, Acc: 100.0000, Loss: 0.0001
LR: 0.000001, Acc: 100.0000, Loss: 0.0000
LR: 0.000001, Acc: 100.0000, Loss: 0.0000
LR: 0.000001, Acc: 100.0000, Loss: 0.0001
LR: 0.000001, Acc: 100.0000, Loss: 0.0001
LR: 0.000001, Acc: 100.0000, Loss: 0.0019
LR: 0.000001, Acc: 100.0000, Loss: 0.0000
LR: 0.000001, Acc: 100.0000, Loss: 0.0000
LR: 0.000001, Acc: 100.0000, Loss: 0.0002
LR: 0.000001, Acc: 100.0000, Loss: 0.0000
LR: 0.000001, Acc: 100.0000, Loss: 0.0001
LR: 0.000001, Acc: 100.0000, Loss: 0.0000
LR: 0.000001, Acc: 100.0000, Loss: 0.0000
**** Final test accuracy: 66.89. ****

LoRA weights saved to weights/vitb16/pigs/2shots/seed2/CLIP-LoRA_pigs.pt
