created virtual environment CPython3.10.13.final.0-64 in 20749ms
  creator CPython3Posix(dest=/localscratch/pedro36.57238914.0/env, clear=False, no_vcs_ignore=False, global=False)
  seeder FromAppData(download=False, pip=bundle, setuptools=bundle, wheel=bundle, via=copy, app_data_dir=/home/pedro36/.local/share/virtualenv)
    added seed packages: pip==25.1.1, setuptools==80.7.1, wheel==0.45.1+computecanada
  activators BashActivator,CShellActivator,FishActivator,NushellActivator,PowerShellActivator,PythonActivator
Looking in links: /cvmfs/soft.computecanada.ca/custom/python/wheelhouse/gentoo2023/x86-64-v4, /cvmfs/soft.computecanada.ca/custom/python/wheelhouse/gentoo2023/x86-64-v3, /cvmfs/soft.computecanada.ca/custom/python/wheelhouse/gentoo2023/generic, /cvmfs/soft.computecanada.ca/custom/python/wheelhouse/generic
Requirement already satisfied: pip in /localscratch/pedro36.57238914.0/env/lib/python3.10/site-packages (25.1.1)
Looking in links: /cvmfs/soft.computecanada.ca/custom/python/wheelhouse/gentoo2023/x86-64-v4, /cvmfs/soft.computecanada.ca/custom/python/wheelhouse/gentoo2023/x86-64-v3, /cvmfs/soft.computecanada.ca/custom/python/wheelhouse/gentoo2023/generic, /cvmfs/soft.computecanada.ca/custom/python/wheelhouse/generic
Processing /cvmfs/soft.computecanada.ca/custom/python/wheelhouse/gentoo2023/x86-64-v3/torch-2.6.0+computecanada-cp310-cp310-linux_x86_64.whl
Processing /cvmfs/soft.computecanada.ca/custom/python/wheelhouse/gentoo2023/generic/torchvision-0.21.0+computecanada-cp310-cp310-linux_x86_64.whl
Processing /cvmfs/soft.computecanada.ca/custom/python/wheelhouse/gentoo2023/x86-64-v3/torchaudio-2.6.0+computecanada-cp310-cp310-linux_x86_64.whl
Processing /cvmfs/soft.computecanada.ca/custom/python/wheelhouse/generic/ftfy-6.3.1+computecanada-py3-none-any.whl
Processing /cvmfs/soft.computecanada.ca/custom/python/wheelhouse/gentoo2023/generic/scipy-1.15.1+computecanada-cp310-cp310-linux_x86_64.whl
Processing /cvmfs/soft.computecanada.ca/custom/python/wheelhouse/generic/regex-2024.9.11+computecanada-cp310-cp310-linux_x86_64.whl
Processing /cvmfs/soft.computecanada.ca/custom/python/wheelhouse/generic/tqdm-4.67.1+computecanada-py3-none-any.whl
Processing /cvmfs/soft.computecanada.ca/custom/python/wheelhouse/generic/gdown-5.2.0+computecanada-py3-none-any.whl
Processing /cvmfs/soft.computecanada.ca/custom/python/wheelhouse/gentoo2023/x86-64-v3/pandas-2.2.3+computecanada-cp310-cp310-linux_x86_64.whl
Processing /cvmfs/soft.computecanada.ca/custom/python/wheelhouse/generic/filelock-3.18.0+computecanada-py3-none-any.whl (from torch)
Processing /cvmfs/soft.computecanada.ca/custom/python/wheelhouse/generic/typing_extensions-4.14.1+computecanada-py3-none-any.whl (from torch)
Processing /cvmfs/soft.computecanada.ca/custom/python/wheelhouse/generic/networkx-3.5+computecanada-py3-none-any.whl (from torch)
Processing /cvmfs/soft.computecanada.ca/custom/python/wheelhouse/generic/jinja2-3.1.6+computecanada-py3-none-any.whl (from torch)
Processing /cvmfs/soft.computecanada.ca/custom/python/wheelhouse/generic/fsspec-2025.5.1+computecanada-py3-none-any.whl (from torch)
Processing /cvmfs/soft.computecanada.ca/custom/python/wheelhouse/generic/sympy-1.13.1+computecanada-py3-none-any.whl (from torch)
Processing /cvmfs/soft.computecanada.ca/custom/python/wheelhouse/generic/mpmath-1.3.0+computecanada-py3-none-any.whl (from sympy==1.13.1->torch)
Processing /cvmfs/soft.computecanada.ca/custom/python/wheelhouse/gentoo2023/generic/numpy-2.2.2+computecanada-cp310-cp310-linux_x86_64.whl (from torchvision)
Processing /cvmfs/soft.computecanada.ca/custom/python/wheelhouse/gentoo2023/x86-64-v3/Pillow_SIMD-9.5.0.post2+computecanada-cp310-cp310-linux_x86_64.whl (from torchvision)
Processing /cvmfs/soft.computecanada.ca/custom/python/wheelhouse/generic/wcwidth-0.2.13+computecanada-py2.py3-none-any.whl (from ftfy)
Processing /cvmfs/soft.computecanada.ca/custom/python/wheelhouse/generic/beautifulsoup4-4.13.4+computecanada-py3-none-any.whl (from gdown)
Processing /cvmfs/soft.computecanada.ca/custom/python/wheelhouse/generic/requests-2.32.4+computecanada-py3-none-any.whl (from gdown)
Processing /cvmfs/soft.computecanada.ca/custom/python/wheelhouse/generic/python_dateutil-2.9.0.post0+computecanada-py2.py3-none-any.whl (from pandas)
Processing /cvmfs/soft.computecanada.ca/custom/python/wheelhouse/generic/pytz-2025.2+computecanada-py2.py3-none-any.whl (from pandas)
Processing /cvmfs/soft.computecanada.ca/custom/python/wheelhouse/generic/tzdata-2025.2+computecanada-py2.py3-none-any.whl (from pandas)
Processing /cvmfs/soft.computecanada.ca/custom/python/wheelhouse/generic/six-1.17.0+computecanada-py2.py3-none-any.whl (from python-dateutil>=2.8.2->pandas)
Processing /cvmfs/soft.computecanada.ca/custom/python/wheelhouse/generic/soupsieve-2.7+computecanada-py3-none-any.whl (from beautifulsoup4->gdown)
Processing /cvmfs/soft.computecanada.ca/custom/python/wheelhouse/generic/MarkupSafe-2.1.5+computecanada-cp310-cp310-linux_x86_64.whl (from jinja2->torch)
INFO: pip is looking at multiple versions of networkx to determine which version is compatible with other requirements. This could take a while.
Processing /cvmfs/soft.computecanada.ca/custom/python/wheelhouse/generic/networkx-3.4.2+computecanada-py3-none-any.whl (from torch)
Processing /cvmfs/soft.computecanada.ca/custom/python/wheelhouse/generic/charset_normalizer-3.4.2+computecanada-py3-none-any.whl (from requests[socks]->gdown)
Processing /cvmfs/soft.computecanada.ca/custom/python/wheelhouse/generic/idna-3.10+computecanada-py3-none-any.whl (from requests[socks]->gdown)
Processing /cvmfs/soft.computecanada.ca/custom/python/wheelhouse/generic/urllib3-2.5.0+computecanada-py3-none-any.whl (from requests[socks]->gdown)
Processing /cvmfs/soft.computecanada.ca/custom/python/wheelhouse/generic/certifi-2025.7.9+computecanada-py3-none-any.whl (from requests[socks]->gdown)
Processing /cvmfs/soft.computecanada.ca/custom/python/wheelhouse/generic/PySocks-1.7.1+computecanada-py3-none-any.whl (from requests[socks]->gdown)
Installing collected packages: wcwidth, pytz, mpmath, urllib3, tzdata, typing-extensions, tqdm, sympy, soupsieve, six, regex, PySocks, pillow-simd, numpy, networkx, MarkupSafe, idna, ftfy, fsspec, filelock, charset-normalizer, certifi, scipy, requests, python-dateutil, jinja2, beautifulsoup4, torch, pandas, torchvision, torchaudio, gdown

Successfully installed MarkupSafe-2.1.5+computecanada PySocks-1.7.1+computecanada beautifulsoup4-4.13.4+computecanada certifi-2025.7.9+computecanada charset-normalizer-3.4.2+computecanada filelock-3.18.0+computecanada fsspec-2025.5.1+computecanada ftfy-6.3.1+computecanada gdown-5.2.0+computecanada idna-3.10+computecanada jinja2-3.1.6+computecanada mpmath-1.3.0+computecanada networkx-3.4.2+computecanada numpy-2.2.2+computecanada pandas-2.2.3+computecanada pillow-simd-9.5.0.post2+computecanada python-dateutil-2.9.0.post0+computecanada pytz-2025.2+computecanada regex-2024.9.11+computecanada requests-2.32.4+computecanada scipy-1.15.1+computecanada six-1.17.0+computecanada soupsieve-2.7+computecanada sympy-1.13.1+computecanada torch-2.6.0+computecanada torchaudio-2.6.0+computecanada torchvision-0.21.0+computecanada tqdm-4.67.1+computecanada typing-extensions-4.14.1+computecanada tzdata-2025.2+computecanada urllib3-2.5.0+computecanada wcwidth-0.2.13+computecanada
Preparing dataset.
Reading split from /home/pedro36/projects/def-leszek/pedro36/datasets/DATA/PIGS/dataset_crops.json
Creating a 2-shot dataset
Creating a 2-shot dataset

Getting textual features as CLIP's classifier.

Loading visual features and labels from val set.

Loading visual features and labels from test set.

**** Zero-shot CLIP's test accuracy: 54.53. ****

Residual Attention Block 0: ResidualAttentionBlock(
  (attn): MultiheadAttention(
    (out_proj): NonDynamicallyQuantizableLinear(in_features=512, out_features=512, bias=True)
  )
  (ln_1): LayerNorm((512,), eps=1e-05, elementwise_affine=True)
  (mlp): Sequential(
    (c_fc): Linear(in_features=512, out_features=2048, bias=True)
    (gelu): QuickGELU()
    (c_proj): Linear(in_features=2048, out_features=512, bias=True)
  )
  (ln_2): LayerNorm((512,), eps=1e-05, elementwise_affine=True)
)
Residual Attention Block 1: ResidualAttentionBlock(
  (attn): MultiheadAttention(
    (out_proj): NonDynamicallyQuantizableLinear(in_features=512, out_features=512, bias=True)
  )
  (ln_1): LayerNorm((512,), eps=1e-05, elementwise_affine=True)
  (mlp): Sequential(
    (c_fc): Linear(in_features=512, out_features=2048, bias=True)
    (gelu): QuickGELU()
    (c_proj): Linear(in_features=2048, out_features=512, bias=True)
  )
  (ln_2): LayerNorm((512,), eps=1e-05, elementwise_affine=True)
)
Residual Attention Block 2: ResidualAttentionBlock(
  (attn): MultiheadAttention(
    (out_proj): NonDynamicallyQuantizableLinear(in_features=512, out_features=512, bias=True)
  )
  (ln_1): LayerNorm((512,), eps=1e-05, elementwise_affine=True)
  (mlp): Sequential(
    (c_fc): Linear(in_features=512, out_features=2048, bias=True)
    (gelu): QuickGELU()
    (c_proj): Linear(in_features=2048, out_features=512, bias=True)
  )
  (ln_2): LayerNorm((512,), eps=1e-05, elementwise_affine=True)
)
Residual Attention Block 3: ResidualAttentionBlock(
  (attn): MultiheadAttention(
    (out_proj): NonDynamicallyQuantizableLinear(in_features=512, out_features=512, bias=True)
  )
  (ln_1): LayerNorm((512,), eps=1e-05, elementwise_affine=True)
  (mlp): Sequential(
    (c_fc): Linear(in_features=512, out_features=2048, bias=True)
    (gelu): QuickGELU()
    (c_proj): Linear(in_features=2048, out_features=512, bias=True)
  )
  (ln_2): LayerNorm((512,), eps=1e-05, elementwise_affine=True)
)
Residual Attention Block 4: ResidualAttentionBlock(
  (attn): MultiheadAttention(
    (out_proj): NonDynamicallyQuantizableLinear(in_features=512, out_features=512, bias=True)
  )
  (ln_1): LayerNorm((512,), eps=1e-05, elementwise_affine=True)
  (mlp): Sequential(
    (c_fc): Linear(in_features=512, out_features=2048, bias=True)
    (gelu): QuickGELU()
    (c_proj): Linear(in_features=2048, out_features=512, bias=True)
  )
  (ln_2): LayerNorm((512,), eps=1e-05, elementwise_affine=True)
)
Residual Attention Block 5: ResidualAttentionBlock(
  (attn): MultiheadAttention(
    (out_proj): NonDynamicallyQuantizableLinear(in_features=512, out_features=512, bias=True)
  )
  (ln_1): LayerNorm((512,), eps=1e-05, elementwise_affine=True)
  (mlp): Sequential(
    (c_fc): Linear(in_features=512, out_features=2048, bias=True)
    (gelu): QuickGELU()
    (c_proj): Linear(in_features=2048, out_features=512, bias=True)
  )
  (ln_2): LayerNorm((512,), eps=1e-05, elementwise_affine=True)
)
Residual Attention Block 6: ResidualAttentionBlock(
  (attn): MultiheadAttention(
    (out_proj): NonDynamicallyQuantizableLinear(in_features=512, out_features=512, bias=True)
  )
  (ln_1): LayerNorm((512,), eps=1e-05, elementwise_affine=True)
  (mlp): Sequential(
    (c_fc): Linear(in_features=512, out_features=2048, bias=True)
    (gelu): QuickGELU()
    (c_proj): Linear(in_features=2048, out_features=512, bias=True)
  )
  (ln_2): LayerNorm((512,), eps=1e-05, elementwise_affine=True)
)
Residual Attention Block 7: ResidualAttentionBlock(
  (attn): MultiheadAttention(
    (out_proj): NonDynamicallyQuantizableLinear(in_features=512, out_features=512, bias=True)
  )
  (ln_1): LayerNorm((512,), eps=1e-05, elementwise_affine=True)
  (mlp): Sequential(
    (c_fc): Linear(in_features=512, out_features=2048, bias=True)
    (gelu): QuickGELU()
    (c_proj): Linear(in_features=2048, out_features=512, bias=True)
  )
  (ln_2): LayerNorm((512,), eps=1e-05, elementwise_affine=True)
)
Residual Attention Block 8: ResidualAttentionBlock(
  (attn): MultiheadAttention(
    (out_proj): NonDynamicallyQuantizableLinear(in_features=512, out_features=512, bias=True)
  )
  (ln_1): LayerNorm((512,), eps=1e-05, elementwise_affine=True)
  (mlp): Sequential(
    (c_fc): Linear(in_features=512, out_features=2048, bias=True)
    (gelu): QuickGELU()
    (c_proj): Linear(in_features=2048, out_features=512, bias=True)
  )
  (ln_2): LayerNorm((512,), eps=1e-05, elementwise_affine=True)
)
Residual Attention Block 9: ResidualAttentionBlock(
  (attn): MultiheadAttention(
    (out_proj): NonDynamicallyQuantizableLinear(in_features=512, out_features=512, bias=True)
  )
  (ln_1): LayerNorm((512,), eps=1e-05, elementwise_affine=True)
  (mlp): Sequential(
    (c_fc): Linear(in_features=512, out_features=2048, bias=True)
    (gelu): QuickGELU()
    (c_proj): Linear(in_features=2048, out_features=512, bias=True)
  )
  (ln_2): LayerNorm((512,), eps=1e-05, elementwise_affine=True)
)
Residual Attention Block 10: ResidualAttentionBlock(
  (attn): MultiheadAttention(
    (out_proj): NonDynamicallyQuantizableLinear(in_features=512, out_features=512, bias=True)
  )
  (ln_1): LayerNorm((512,), eps=1e-05, elementwise_affine=True)
  (mlp): Sequential(
    (c_fc): Linear(in_features=512, out_features=2048, bias=True)
    (gelu): QuickGELU()
    (c_proj): Linear(in_features=2048, out_features=512, bias=True)
  )
  (ln_2): LayerNorm((512,), eps=1e-05, elementwise_affine=True)
)
Residual Attention Block 11: ResidualAttentionBlock(
  (attn): MultiheadAttention(
    (out_proj): NonDynamicallyQuantizableLinear(in_features=512, out_features=512, bias=True)
  )
  (ln_1): LayerNorm((512,), eps=1e-05, elementwise_affine=True)
  (mlp): Sequential(
    (c_fc): Linear(in_features=512, out_features=2048, bias=True)
    (gelu): QuickGELU()
    (c_proj): Linear(in_features=2048, out_features=512, bias=True)
  )
  (ln_2): LayerNorm((512,), eps=1e-05, elementwise_affine=True)
)
Residual Attention Block 0: ResidualAttentionBlock(
  (attn): MultiheadAttention(
    (out_proj): NonDynamicallyQuantizableLinear(in_features=768, out_features=768, bias=True)
  )
  (ln_1): LayerNorm((768,), eps=1e-05, elementwise_affine=True)
  (mlp): Sequential(
    (c_fc): Linear(in_features=768, out_features=3072, bias=True)
    (gelu): QuickGELU()
    (c_proj): Linear(in_features=3072, out_features=768, bias=True)
  )
  (ln_2): LayerNorm((768,), eps=1e-05, elementwise_affine=True)
)
Residual Attention Block 1: ResidualAttentionBlock(
  (attn): MultiheadAttention(
    (out_proj): NonDynamicallyQuantizableLinear(in_features=768, out_features=768, bias=True)
  )
  (ln_1): LayerNorm((768,), eps=1e-05, elementwise_affine=True)
  (mlp): Sequential(
    (c_fc): Linear(in_features=768, out_features=3072, bias=True)
    (gelu): QuickGELU()
    (c_proj): Linear(in_features=3072, out_features=768, bias=True)
  )
  (ln_2): LayerNorm((768,), eps=1e-05, elementwise_affine=True)
)
Residual Attention Block 2: ResidualAttentionBlock(
  (attn): MultiheadAttention(
    (out_proj): NonDynamicallyQuantizableLinear(in_features=768, out_features=768, bias=True)
  )
  (ln_1): LayerNorm((768,), eps=1e-05, elementwise_affine=True)
  (mlp): Sequential(
    (c_fc): Linear(in_features=768, out_features=3072, bias=True)
    (gelu): QuickGELU()
    (c_proj): Linear(in_features=3072, out_features=768, bias=True)
  )
  (ln_2): LayerNorm((768,), eps=1e-05, elementwise_affine=True)
)
Residual Attention Block 3: ResidualAttentionBlock(
  (attn): MultiheadAttention(
    (out_proj): NonDynamicallyQuantizableLinear(in_features=768, out_features=768, bias=True)
  )
  (ln_1): LayerNorm((768,), eps=1e-05, elementwise_affine=True)
  (mlp): Sequential(
    (c_fc): Linear(in_features=768, out_features=3072, bias=True)
    (gelu): QuickGELU()
    (c_proj): Linear(in_features=3072, out_features=768, bias=True)
  )
  (ln_2): LayerNorm((768,), eps=1e-05, elementwise_affine=True)
)
Residual Attention Block 4: ResidualAttentionBlock(
  (attn): MultiheadAttention(
    (out_proj): NonDynamicallyQuantizableLinear(in_features=768, out_features=768, bias=True)
  )
  (ln_1): LayerNorm((768,), eps=1e-05, elementwise_affine=True)
  (mlp): Sequential(
    (c_fc): Linear(in_features=768, out_features=3072, bias=True)
    (gelu): QuickGELU()
    (c_proj): Linear(in_features=3072, out_features=768, bias=True)
  )
  (ln_2): LayerNorm((768,), eps=1e-05, elementwise_affine=True)
)
Residual Attention Block 5: ResidualAttentionBlock(
  (attn): MultiheadAttention(
    (out_proj): NonDynamicallyQuantizableLinear(in_features=768, out_features=768, bias=True)
  )
  (ln_1): LayerNorm((768,), eps=1e-05, elementwise_affine=True)
  (mlp): Sequential(
    (c_fc): Linear(in_features=768, out_features=3072, bias=True)
    (gelu): QuickGELU()
    (c_proj): Linear(in_features=3072, out_features=768, bias=True)
  )
  (ln_2): LayerNorm((768,), eps=1e-05, elementwise_affine=True)
)
Residual Attention Block 6: ResidualAttentionBlock(
  (attn): MultiheadAttention(
    (out_proj): NonDynamicallyQuantizableLinear(in_features=768, out_features=768, bias=True)
  )
  (ln_1): LayerNorm((768,), eps=1e-05, elementwise_affine=True)
  (mlp): Sequential(
    (c_fc): Linear(in_features=768, out_features=3072, bias=True)
    (gelu): QuickGELU()
    (c_proj): Linear(in_features=3072, out_features=768, bias=True)
  )
  (ln_2): LayerNorm((768,), eps=1e-05, elementwise_affine=True)
)
Residual Attention Block 7: ResidualAttentionBlock(
  (attn): MultiheadAttention(
    (out_proj): NonDynamicallyQuantizableLinear(in_features=768, out_features=768, bias=True)
  )
  (ln_1): LayerNorm((768,), eps=1e-05, elementwise_affine=True)
  (mlp): Sequential(
    (c_fc): Linear(in_features=768, out_features=3072, bias=True)
    (gelu): QuickGELU()
    (c_proj): Linear(in_features=3072, out_features=768, bias=True)
  )
  (ln_2): LayerNorm((768,), eps=1e-05, elementwise_affine=True)
)
Residual Attention Block 8: ResidualAttentionBlock(
  (attn): MultiheadAttention(
    (out_proj): NonDynamicallyQuantizableLinear(in_features=768, out_features=768, bias=True)
  )
  (ln_1): LayerNorm((768,), eps=1e-05, elementwise_affine=True)
  (mlp): Sequential(
    (c_fc): Linear(in_features=768, out_features=3072, bias=True)
    (gelu): QuickGELU()
    (c_proj): Linear(in_features=3072, out_features=768, bias=True)
  )
  (ln_2): LayerNorm((768,), eps=1e-05, elementwise_affine=True)
)
Residual Attention Block 9: ResidualAttentionBlock(
  (attn): MultiheadAttention(
    (out_proj): NonDynamicallyQuantizableLinear(in_features=768, out_features=768, bias=True)
  )
  (ln_1): LayerNorm((768,), eps=1e-05, elementwise_affine=True)
  (mlp): Sequential(
    (c_fc): Linear(in_features=768, out_features=3072, bias=True)
    (gelu): QuickGELU()
    (c_proj): Linear(in_features=3072, out_features=768, bias=True)
  )
  (ln_2): LayerNorm((768,), eps=1e-05, elementwise_affine=True)
)
Residual Attention Block 10: ResidualAttentionBlock(
  (attn): MultiheadAttention(
    (out_proj): NonDynamicallyQuantizableLinear(in_features=768, out_features=768, bias=True)
  )
  (ln_1): LayerNorm((768,), eps=1e-05, elementwise_affine=True)
  (mlp): Sequential(
    (c_fc): Linear(in_features=768, out_features=3072, bias=True)
    (gelu): QuickGELU()
    (c_proj): Linear(in_features=3072, out_features=768, bias=True)
  )
  (ln_2): LayerNorm((768,), eps=1e-05, elementwise_affine=True)
)
Residual Attention Block 11: ResidualAttentionBlock(
  (attn): MultiheadAttention(
    (out_proj): NonDynamicallyQuantizableLinear(in_features=768, out_features=768, bias=True)
  )
  (ln_1): LayerNorm((768,), eps=1e-05, elementwise_affine=True)
  (mlp): Sequential(
    (c_fc): Linear(in_features=768, out_features=3072, bias=True)
    (gelu): QuickGELU()
    (c_proj): Linear(in_features=3072, out_features=768, bias=True)
  )
  (ln_2): LayerNorm((768,), eps=1e-05, elementwise_affine=True)
)
LR: 0.000200, Acc: 25.0000, Loss: 1.0693
LR: 0.000200, Acc: 75.0000, Loss: 0.4807
LR: 0.000200, Acc: 50.0000, Loss: 1.0332
LR: 0.000200, Acc: 50.0000, Loss: 0.6494
LR: 0.000200, Acc: 50.0000, Loss: 1.0703
LR: 0.000200, Acc: 25.0000, Loss: 0.8433
LR: 0.000200, Acc: 25.0000, Loss: 1.1504
LR: 0.000200, Acc: 50.0000, Loss: 0.8794
LR: 0.000200, Acc: 50.0000, Loss: 0.6235
LR: 0.000200, Acc: 25.0000, Loss: 0.8389
LR: 0.000200, Acc: 50.0000, Loss: 0.8398
LR: 0.000200, Acc: 50.0000, Loss: 1.0537
LR: 0.000200, Acc: 25.0000, Loss: 0.7271
LR: 0.000200, Acc: 25.0000, Loss: 1.0312
LR: 0.000200, Acc: 50.0000, Loss: 0.6602
LR: 0.000200, Acc: 100.0000, Loss: 0.5649
LR: 0.000200, Acc: 75.0000, Loss: 0.6255
LR: 0.000200, Acc: 50.0000, Loss: 0.8740
LR: 0.000200, Acc: 100.0000, Loss: 0.3674
LR: 0.000200, Acc: 25.0000, Loss: 0.7817
LR: 0.000200, Acc: 25.0000, Loss: 0.8945
LR: 0.000200, Acc: 25.0000, Loss: 0.7378
LR: 0.000200, Acc: 50.0000, Loss: 0.7080
LR: 0.000200, Acc: 50.0000, Loss: 0.6138
LR: 0.000200, Acc: 75.0000, Loss: 0.5581
LR: 0.000200, Acc: 75.0000, Loss: 0.4531
LR: 0.000200, Acc: 100.0000, Loss: 0.4097
LR: 0.000200, Acc: 50.0000, Loss: 0.5981
LR: 0.000200, Acc: 75.0000, Loss: 0.6221
LR: 0.000200, Acc: 100.0000, Loss: 0.3232
LR: 0.000200, Acc: 100.0000, Loss: 0.2883
LR: 0.000199, Acc: 50.0000, Loss: 0.5259
LR: 0.000199, Acc: 50.0000, Loss: 0.6133
LR: 0.000199, Acc: 75.0000, Loss: 0.3926
LR: 0.000199, Acc: 100.0000, Loss: 0.4578
LR: 0.000199, Acc: 75.0000, Loss: 0.4729
LR: 0.000199, Acc: 75.0000, Loss: 0.4807
LR: 0.000199, Acc: 100.0000, Loss: 0.3640
LR: 0.000199, Acc: 75.0000, Loss: 0.3645
LR: 0.000199, Acc: 75.0000, Loss: 0.5264
LR: 0.000199, Acc: 100.0000, Loss: 0.2683
LR: 0.000199, Acc: 100.0000, Loss: 0.2627
LR: 0.000199, Acc: 100.0000, Loss: 0.2046
LR: 0.000199, Acc: 75.0000, Loss: 0.4451
LR: 0.000199, Acc: 100.0000, Loss: 0.1119
LR: 0.000199, Acc: 100.0000, Loss: 0.2639
LR: 0.000199, Acc: 100.0000, Loss: 0.1665
LR: 0.000199, Acc: 100.0000, Loss: 0.1947
LR: 0.000199, Acc: 100.0000, Loss: 0.1304
LR: 0.000199, Acc: 100.0000, Loss: 0.1526
LR: 0.000199, Acc: 75.0000, Loss: 0.2766
LR: 0.000199, Acc: 100.0000, Loss: 0.2976
LR: 0.000199, Acc: 100.0000, Loss: 0.1331
LR: 0.000199, Acc: 100.0000, Loss: 0.1520
LR: 0.000199, Acc: 100.0000, Loss: 0.1277
LR: 0.000198, Acc: 100.0000, Loss: 0.0784
LR: 0.000198, Acc: 100.0000, Loss: 0.1387
LR: 0.000198, Acc: 100.0000, Loss: 0.1046
LR: 0.000198, Acc: 100.0000, Loss: 0.0343
LR: 0.000198, Acc: 100.0000, Loss: 0.1002
LR: 0.000198, Acc: 100.0000, Loss: 0.1146
LR: 0.000198, Acc: 100.0000, Loss: 0.0628
LR: 0.000198, Acc: 100.0000, Loss: 0.0396
LR: 0.000198, Acc: 100.0000, Loss: 0.0083
LR: 0.000198, Acc: 100.0000, Loss: 0.0208
LR: 0.000198, Acc: 100.0000, Loss: 0.0852
LR: 0.000198, Acc: 75.0000, Loss: 0.3865
LR: 0.000198, Acc: 100.0000, Loss: 0.0061
LR: 0.000198, Acc: 100.0000, Loss: 0.0518
LR: 0.000198, Acc: 100.0000, Loss: 0.0403
LR: 0.000198, Acc: 100.0000, Loss: 0.0678
LR: 0.000197, Acc: 100.0000, Loss: 0.0054
LR: 0.000197, Acc: 100.0000, Loss: 0.1254
LR: 0.000197, Acc: 100.0000, Loss: 0.0359
LR: 0.000197, Acc: 100.0000, Loss: 0.0281
LR: 0.000197, Acc: 100.0000, Loss: 0.0062
LR: 0.000197, Acc: 100.0000, Loss: 0.0510
LR: 0.000197, Acc: 100.0000, Loss: 0.0087
LR: 0.000197, Acc: 100.0000, Loss: 0.0302
LR: 0.000197, Acc: 100.0000, Loss: 0.0800
LR: 0.000197, Acc: 100.0000, Loss: 0.0152
LR: 0.000197, Acc: 100.0000, Loss: 0.0294
LR: 0.000197, Acc: 100.0000, Loss: 0.0120
LR: 0.000197, Acc: 100.0000, Loss: 0.1256
LR: 0.000196, Acc: 100.0000, Loss: 0.0057
LR: 0.000196, Acc: 100.0000, Loss: 0.0176
LR: 0.000196, Acc: 100.0000, Loss: 0.0364
LR: 0.000196, Acc: 100.0000, Loss: 0.0038
LR: 0.000196, Acc: 100.0000, Loss: 0.0257
LR: 0.000196, Acc: 100.0000, Loss: 0.0056
LR: 0.000196, Acc: 100.0000, Loss: 0.0020
LR: 0.000196, Acc: 75.0000, Loss: 0.5879
LR: 0.000196, Acc: 100.0000, Loss: 0.0151
LR: 0.000196, Acc: 100.0000, Loss: 0.0689
LR: 0.000196, Acc: 100.0000, Loss: 0.0312
LR: 0.000196, Acc: 100.0000, Loss: 0.0187
LR: 0.000195, Acc: 100.0000, Loss: 0.0036
LR: 0.000195, Acc: 100.0000, Loss: 0.0020
LR: 0.000195, Acc: 100.0000, Loss: 0.0032
LR: 0.000195, Acc: 100.0000, Loss: 0.0150
LR: 0.000195, Acc: 100.0000, Loss: 0.0029
LR: 0.000195, Acc: 100.0000, Loss: 0.0021
LR: 0.000195, Acc: 100.0000, Loss: 0.0017
LR: 0.000195, Acc: 100.0000, Loss: 0.0007
LR: 0.000195, Acc: 100.0000, Loss: 0.0106
LR: 0.000195, Acc: 100.0000, Loss: 0.0035
LR: 0.000194, Acc: 100.0000, Loss: 0.0026
LR: 0.000194, Acc: 100.0000, Loss: 0.0153
LR: 0.000194, Acc: 100.0000, Loss: 0.0336
LR: 0.000194, Acc: 100.0000, Loss: 0.0039
LR: 0.000194, Acc: 100.0000, Loss: 0.0422
LR: 0.000194, Acc: 75.0000, Loss: 0.1752
LR: 0.000194, Acc: 100.0000, Loss: 0.0453
LR: 0.000194, Acc: 100.0000, Loss: 0.0012
LR: 0.000194, Acc: 100.0000, Loss: 0.0044
LR: 0.000193, Acc: 100.0000, Loss: 0.0141
LR: 0.000193, Acc: 100.0000, Loss: 0.0005
LR: 0.000193, Acc: 100.0000, Loss: 0.0028
LR: 0.000193, Acc: 100.0000, Loss: 0.0071
LR: 0.000193, Acc: 100.0000, Loss: 0.0092
LR: 0.000193, Acc: 100.0000, Loss: 0.0025
LR: 0.000193, Acc: 100.0000, Loss: 0.0115
LR: 0.000193, Acc: 100.0000, Loss: 0.0022
LR: 0.000193, Acc: 100.0000, Loss: 0.0027
LR: 0.000192, Acc: 100.0000, Loss: 0.0006
LR: 0.000192, Acc: 100.0000, Loss: 0.0018
LR: 0.000192, Acc: 100.0000, Loss: 0.0006
LR: 0.000192, Acc: 100.0000, Loss: 0.0233
LR: 0.000192, Acc: 100.0000, Loss: 0.0020
LR: 0.000192, Acc: 100.0000, Loss: 0.0008
LR: 0.000192, Acc: 100.0000, Loss: 0.0048
LR: 0.000192, Acc: 100.0000, Loss: 0.0013
LR: 0.000191, Acc: 100.0000, Loss: 0.0033
LR: 0.000191, Acc: 100.0000, Loss: 0.0135
LR: 0.000191, Acc: 100.0000, Loss: 0.0009
LR: 0.000191, Acc: 100.0000, Loss: 0.0005
LR: 0.000191, Acc: 100.0000, Loss: 0.0048
LR: 0.000191, Acc: 100.0000, Loss: 0.0072
LR: 0.000191, Acc: 100.0000, Loss: 0.0001
LR: 0.000191, Acc: 100.0000, Loss: 0.0001
LR: 0.000190, Acc: 100.0000, Loss: 0.0006
LR: 0.000190, Acc: 100.0000, Loss: 0.0002
LR: 0.000190, Acc: 100.0000, Loss: 0.0009
LR: 0.000190, Acc: 100.0000, Loss: 0.0019
LR: 0.000190, Acc: 100.0000, Loss: 0.0010
LR: 0.000190, Acc: 100.0000, Loss: 0.0006
LR: 0.000190, Acc: 100.0000, Loss: 0.0031
LR: 0.000189, Acc: 100.0000, Loss: 0.0016
LR: 0.000189, Acc: 100.0000, Loss: 0.0005
LR: 0.000189, Acc: 100.0000, Loss: 0.0150
LR: 0.000189, Acc: 100.0000, Loss: 0.0002
LR: 0.000189, Acc: 100.0000, Loss: 0.0006
LR: 0.000189, Acc: 75.0000, Loss: 0.5054
LR: 0.000189, Acc: 75.0000, Loss: 0.2769
LR: 0.000188, Acc: 75.0000, Loss: 0.3545
LR: 0.000188, Acc: 100.0000, Loss: 0.0007
LR: 0.000188, Acc: 100.0000, Loss: 0.0102
LR: 0.000188, Acc: 100.0000, Loss: 0.0006
LR: 0.000188, Acc: 100.0000, Loss: 0.0003
LR: 0.000188, Acc: 75.0000, Loss: 0.5259
LR: 0.000188, Acc: 100.0000, Loss: 0.0035
LR: 0.000187, Acc: 100.0000, Loss: 0.1245
LR: 0.000187, Acc: 100.0000, Loss: 0.0110
LR: 0.000187, Acc: 100.0000, Loss: 0.0047
LR: 0.000187, Acc: 100.0000, Loss: 0.0363
LR: 0.000187, Acc: 100.0000, Loss: 0.0057
LR: 0.000187, Acc: 100.0000, Loss: 0.0011
LR: 0.000186, Acc: 100.0000, Loss: 0.0002
LR: 0.000186, Acc: 100.0000, Loss: 0.0113
LR: 0.000186, Acc: 100.0000, Loss: 0.0009
LR: 0.000186, Acc: 100.0000, Loss: 0.0012
LR: 0.000186, Acc: 100.0000, Loss: 0.0006
LR: 0.000186, Acc: 100.0000, Loss: 0.0108
LR: 0.000186, Acc: 75.0000, Loss: 0.7129
LR: 0.000185, Acc: 100.0000, Loss: 0.0094
LR: 0.000185, Acc: 100.0000, Loss: 0.0107
LR: 0.000185, Acc: 100.0000, Loss: 0.1262
LR: 0.000185, Acc: 100.0000, Loss: 0.0072
LR: 0.000185, Acc: 100.0000, Loss: 0.0015
LR: 0.000185, Acc: 75.0000, Loss: 0.3171
LR: 0.000184, Acc: 100.0000, Loss: 0.0010
LR: 0.000184, Acc: 100.0000, Loss: 0.0039
LR: 0.000184, Acc: 100.0000, Loss: 0.0024
LR: 0.000184, Acc: 100.0000, Loss: 0.0013
LR: 0.000184, Acc: 100.0000, Loss: 0.0302
LR: 0.000183, Acc: 100.0000, Loss: 0.0010
LR: 0.000183, Acc: 100.0000, Loss: 0.0056
LR: 0.000183, Acc: 100.0000, Loss: 0.0029
LR: 0.000183, Acc: 100.0000, Loss: 0.0008
LR: 0.000183, Acc: 100.0000, Loss: 0.0441
LR: 0.000183, Acc: 100.0000, Loss: 0.0014
LR: 0.000182, Acc: 100.0000, Loss: 0.0014
LR: 0.000182, Acc: 100.0000, Loss: 0.0034
LR: 0.000182, Acc: 100.0000, Loss: 0.0007
LR: 0.000182, Acc: 100.0000, Loss: 0.0005
LR: 0.000182, Acc: 100.0000, Loss: 0.0215
LR: 0.000182, Acc: 100.0000, Loss: 0.0067
LR: 0.000181, Acc: 100.0000, Loss: 0.0015
LR: 0.000181, Acc: 100.0000, Loss: 0.0006
LR: 0.000181, Acc: 100.0000, Loss: 0.0016
LR: 0.000181, Acc: 75.0000, Loss: 0.3899
LR: 0.000181, Acc: 100.0000, Loss: 0.0012
LR: 0.000180, Acc: 100.0000, Loss: 0.0219
LR: 0.000180, Acc: 100.0000, Loss: 0.0051
LR: 0.000180, Acc: 100.0000, Loss: 0.0006
LR: 0.000180, Acc: 100.0000, Loss: 0.0047
LR: 0.000180, Acc: 100.0000, Loss: 0.0034
LR: 0.000180, Acc: 100.0000, Loss: 0.0064
LR: 0.000179, Acc: 100.0000, Loss: 0.0205
LR: 0.000179, Acc: 100.0000, Loss: 0.0076
LR: 0.000179, Acc: 100.0000, Loss: 0.0009
LR: 0.000179, Acc: 75.0000, Loss: 0.5537
LR: 0.000179, Acc: 100.0000, Loss: 0.0015
LR: 0.000178, Acc: 100.0000, Loss: 0.0002
LR: 0.000178, Acc: 100.0000, Loss: 0.0004
LR: 0.000178, Acc: 100.0000, Loss: 0.0007
LR: 0.000178, Acc: 100.0000, Loss: 0.0005
LR: 0.000178, Acc: 100.0000, Loss: 0.0129
LR: 0.000177, Acc: 100.0000, Loss: 0.0003
LR: 0.000177, Acc: 100.0000, Loss: 0.0004
LR: 0.000177, Acc: 100.0000, Loss: 0.0008
LR: 0.000177, Acc: 100.0000, Loss: 0.0003
LR: 0.000177, Acc: 100.0000, Loss: 0.0008
LR: 0.000176, Acc: 100.0000, Loss: 0.0522
LR: 0.000176, Acc: 100.0000, Loss: 0.0003
LR: 0.000176, Acc: 100.0000, Loss: 0.0003
LR: 0.000176, Acc: 100.0000, Loss: 0.0001
LR: 0.000176, Acc: 100.0000, Loss: 0.0230
LR: 0.000175, Acc: 100.0000, Loss: 0.0724
LR: 0.000175, Acc: 100.0000, Loss: 0.1416
LR: 0.000175, Acc: 100.0000, Loss: 0.0061
LR: 0.000175, Acc: 100.0000, Loss: 0.0026
LR: 0.000175, Acc: 100.0000, Loss: 0.0002
LR: 0.000174, Acc: 100.0000, Loss: 0.0022
LR: 0.000174, Acc: 100.0000, Loss: 0.0003
LR: 0.000174, Acc: 100.0000, Loss: 0.0431
LR: 0.000174, Acc: 100.0000, Loss: 0.0002
LR: 0.000173, Acc: 100.0000, Loss: 0.0012
LR: 0.000173, Acc: 100.0000, Loss: 0.0004
LR: 0.000173, Acc: 100.0000, Loss: 0.0332
LR: 0.000173, Acc: 100.0000, Loss: 0.0064
LR: 0.000173, Acc: 100.0000, Loss: 0.0004
LR: 0.000172, Acc: 100.0000, Loss: 0.0018
LR: 0.000172, Acc: 100.0000, Loss: 0.0005
LR: 0.000172, Acc: 100.0000, Loss: 0.0031
LR: 0.000172, Acc: 100.0000, Loss: 0.0001
LR: 0.000172, Acc: 100.0000, Loss: 0.0001
LR: 0.000171, Acc: 100.0000, Loss: 0.0090
LR: 0.000171, Acc: 100.0000, Loss: 0.0005
LR: 0.000171, Acc: 100.0000, Loss: 0.0019
LR: 0.000171, Acc: 100.0000, Loss: 0.0009
LR: 0.000170, Acc: 100.0000, Loss: 0.0004
LR: 0.000170, Acc: 100.0000, Loss: 0.0002
LR: 0.000170, Acc: 100.0000, Loss: 0.0011
LR: 0.000170, Acc: 100.0000, Loss: 0.0002
LR: 0.000170, Acc: 100.0000, Loss: 0.0011
LR: 0.000169, Acc: 100.0000, Loss: 0.0015
LR: 0.000169, Acc: 100.0000, Loss: 0.0418
LR: 0.000169, Acc: 100.0000, Loss: 0.0923
LR: 0.000169, Acc: 100.0000, Loss: 0.0004
LR: 0.000168, Acc: 100.0000, Loss: 0.0001
LR: 0.000168, Acc: 100.0000, Loss: 0.0004
LR: 0.000168, Acc: 100.0000, Loss: 0.0025
LR: 0.000168, Acc: 100.0000, Loss: 0.0008
LR: 0.000167, Acc: 100.0000, Loss: 0.0007
LR: 0.000167, Acc: 100.0000, Loss: 0.0011
LR: 0.000167, Acc: 100.0000, Loss: 0.0004
LR: 0.000167, Acc: 100.0000, Loss: 0.0004
LR: 0.000167, Acc: 100.0000, Loss: 0.0649
LR: 0.000166, Acc: 100.0000, Loss: 0.0030
LR: 0.000166, Acc: 100.0000, Loss: 0.0001
LR: 0.000166, Acc: 100.0000, Loss: 0.0003
LR: 0.000166, Acc: 100.0000, Loss: 0.0002
LR: 0.000165, Acc: 100.0000, Loss: 0.0001
LR: 0.000165, Acc: 100.0000, Loss: 0.0037
LR: 0.000165, Acc: 100.0000, Loss: 0.0002
LR: 0.000165, Acc: 100.0000, Loss: 0.0001
LR: 0.000164, Acc: 100.0000, Loss: 0.0003
LR: 0.000164, Acc: 100.0000, Loss: 0.0064
LR: 0.000164, Acc: 100.0000, Loss: 0.0002
LR: 0.000164, Acc: 100.0000, Loss: 0.0008
LR: 0.000163, Acc: 100.0000, Loss: 0.0005
LR: 0.000163, Acc: 100.0000, Loss: 0.0002
LR: 0.000163, Acc: 100.0000, Loss: 0.0004
LR: 0.000163, Acc: 100.0000, Loss: 0.0110
LR: 0.000162, Acc: 100.0000, Loss: 0.0003
LR: 0.000162, Acc: 100.0000, Loss: 0.0050
LR: 0.000162, Acc: 100.0000, Loss: 0.0002
LR: 0.000162, Acc: 100.0000, Loss: 0.0002
LR: 0.000161, Acc: 100.0000, Loss: 0.0003
LR: 0.000161, Acc: 75.0000, Loss: 0.2252
LR: 0.000161, Acc: 100.0000, Loss: 0.0027
LR: 0.000161, Acc: 100.0000, Loss: 0.0056
LR: 0.000160, Acc: 100.0000, Loss: 0.1493
LR: 0.000160, Acc: 100.0000, Loss: 0.0002
LR: 0.000160, Acc: 100.0000, Loss: 0.0002
LR: 0.000160, Acc: 100.0000, Loss: 0.0000
LR: 0.000159, Acc: 100.0000, Loss: 0.0017
LR: 0.000159, Acc: 100.0000, Loss: 0.0001
LR: 0.000159, Acc: 75.0000, Loss: 0.1760
LR: 0.000159, Acc: 100.0000, Loss: 0.0002
LR: 0.000158, Acc: 100.0000, Loss: 0.0001
LR: 0.000158, Acc: 75.0000, Loss: 0.6406
LR: 0.000158, Acc: 75.0000, Loss: 0.3059
LR: 0.000158, Acc: 100.0000, Loss: 0.0026
LR: 0.000157, Acc: 100.0000, Loss: 0.0002
LR: 0.000157, Acc: 100.0000, Loss: 0.0005
LR: 0.000157, Acc: 100.0000, Loss: 0.0103
LR: 0.000157, Acc: 100.0000, Loss: 0.0005
LR: 0.000156, Acc: 100.0000, Loss: 0.0007
LR: 0.000156, Acc: 100.0000, Loss: 0.1665
LR: 0.000156, Acc: 100.0000, Loss: 0.0000
LR: 0.000156, Acc: 100.0000, Loss: 0.0178
LR: 0.000155, Acc: 100.0000, Loss: 0.0001
LR: 0.000155, Acc: 100.0000, Loss: 0.0014
LR: 0.000155, Acc: 100.0000, Loss: 0.0004
LR: 0.000155, Acc: 75.0000, Loss: 0.8257
LR: 0.000154, Acc: 100.0000, Loss: 0.0004
LR: 0.000154, Acc: 100.0000, Loss: 0.0003
LR: 0.000154, Acc: 100.0000, Loss: 0.0002
LR: 0.000154, Acc: 100.0000, Loss: 0.0024
LR: 0.000153, Acc: 100.0000, Loss: 0.0001
LR: 0.000153, Acc: 100.0000, Loss: 0.0012
LR: 0.000153, Acc: 100.0000, Loss: 0.0041
LR: 0.000152, Acc: 100.0000, Loss: 0.0018
LR: 0.000152, Acc: 100.0000, Loss: 0.0008
LR: 0.000152, Acc: 100.0000, Loss: 0.0017
LR: 0.000152, Acc: 100.0000, Loss: 0.0002
LR: 0.000151, Acc: 100.0000, Loss: 0.0134
LR: 0.000151, Acc: 100.0000, Loss: 0.0704
LR: 0.000151, Acc: 100.0000, Loss: 0.0003
LR: 0.000151, Acc: 100.0000, Loss: 0.1567
LR: 0.000150, Acc: 100.0000, Loss: 0.0102
LR: 0.000150, Acc: 100.0000, Loss: 0.0004
LR: 0.000150, Acc: 100.0000, Loss: 0.0002
LR: 0.000150, Acc: 100.0000, Loss: 0.0346
LR: 0.000149, Acc: 100.0000, Loss: 0.0005
LR: 0.000149, Acc: 100.0000, Loss: 0.0014
LR: 0.000149, Acc: 100.0000, Loss: 0.0070
LR: 0.000148, Acc: 100.0000, Loss: 0.0001
LR: 0.000148, Acc: 100.0000, Loss: 0.0002
LR: 0.000148, Acc: 100.0000, Loss: 0.0010
LR: 0.000148, Acc: 100.0000, Loss: 0.0001
LR: 0.000147, Acc: 100.0000, Loss: 0.0002
LR: 0.000147, Acc: 100.0000, Loss: 0.0001
LR: 0.000147, Acc: 100.0000, Loss: 0.0010
LR: 0.000147, Acc: 100.0000, Loss: 0.0437
LR: 0.000146, Acc: 100.0000, Loss: 0.0087
LR: 0.000146, Acc: 100.0000, Loss: 0.0022
LR: 0.000146, Acc: 100.0000, Loss: 0.0003
LR: 0.000145, Acc: 100.0000, Loss: 0.0001
LR: 0.000145, Acc: 100.0000, Loss: 0.0012
LR: 0.000145, Acc: 100.0000, Loss: 0.0003
LR: 0.000145, Acc: 100.0000, Loss: 0.0003
LR: 0.000144, Acc: 100.0000, Loss: 0.0006
LR: 0.000144, Acc: 100.0000, Loss: 0.0002
LR: 0.000144, Acc: 100.0000, Loss: 0.0001
LR: 0.000143, Acc: 100.0000, Loss: 0.0005
LR: 0.000143, Acc: 100.0000, Loss: 0.0006
LR: 0.000143, Acc: 100.0000, Loss: 0.0002
LR: 0.000143, Acc: 100.0000, Loss: 0.0002
LR: 0.000142, Acc: 100.0000, Loss: 0.0704
LR: 0.000142, Acc: 100.0000, Loss: 0.0002
LR: 0.000142, Acc: 100.0000, Loss: 0.0794
LR: 0.000141, Acc: 100.0000, Loss: 0.0059
LR: 0.000141, Acc: 100.0000, Loss: 0.0002
LR: 0.000141, Acc: 100.0000, Loss: 0.0029
LR: 0.000141, Acc: 100.0000, Loss: 0.0006
LR: 0.000140, Acc: 100.0000, Loss: 0.0002
LR: 0.000140, Acc: 100.0000, Loss: 0.0019
LR: 0.000140, Acc: 100.0000, Loss: 0.0001
LR: 0.000139, Acc: 100.0000, Loss: 0.0001
LR: 0.000139, Acc: 100.0000, Loss: 0.0189
LR: 0.000139, Acc: 100.0000, Loss: 0.1086
LR: 0.000139, Acc: 100.0000, Loss: 0.0000
LR: 0.000138, Acc: 100.0000, Loss: 0.0007
LR: 0.000138, Acc: 100.0000, Loss: 0.0038
LR: 0.000138, Acc: 100.0000, Loss: 0.0003
LR: 0.000137, Acc: 100.0000, Loss: 0.0001
LR: 0.000137, Acc: 100.0000, Loss: 0.0000
LR: 0.000137, Acc: 100.0000, Loss: 0.0007
LR: 0.000137, Acc: 100.0000, Loss: 0.0003
LR: 0.000136, Acc: 100.0000, Loss: 0.0001
LR: 0.000136, Acc: 100.0000, Loss: 0.0000
LR: 0.000136, Acc: 100.0000, Loss: 0.0001
LR: 0.000135, Acc: 100.0000, Loss: 0.0002
LR: 0.000135, Acc: 100.0000, Loss: 0.0457
LR: 0.000135, Acc: 100.0000, Loss: 0.0223
LR: 0.000134, Acc: 100.0000, Loss: 0.0484
LR: 0.000134, Acc: 100.0000, Loss: 0.0251
LR: 0.000134, Acc: 100.0000, Loss: 0.0019
LR: 0.000134, Acc: 100.0000, Loss: 0.0001
LR: 0.000133, Acc: 100.0000, Loss: 0.0001
LR: 0.000133, Acc: 100.0000, Loss: 0.0000
LR: 0.000133, Acc: 100.0000, Loss: 0.0001
LR: 0.000132, Acc: 100.0000, Loss: 0.0001
LR: 0.000132, Acc: 100.0000, Loss: 0.0086
LR: 0.000132, Acc: 100.0000, Loss: 0.0097
LR: 0.000132, Acc: 100.0000, Loss: 0.0006
LR: 0.000131, Acc: 100.0000, Loss: 0.0000
LR: 0.000131, Acc: 100.0000, Loss: 0.0001
LR: 0.000131, Acc: 100.0000, Loss: 0.0003
LR: 0.000130, Acc: 100.0000, Loss: 0.0002
LR: 0.000130, Acc: 100.0000, Loss: 0.0233
LR: 0.000130, Acc: 100.0000, Loss: 0.0110
LR: 0.000129, Acc: 100.0000, Loss: 0.0000
LR: 0.000129, Acc: 100.0000, Loss: 0.0010
LR: 0.000129, Acc: 100.0000, Loss: 0.0001
LR: 0.000129, Acc: 100.0000, Loss: 0.0003
LR: 0.000128, Acc: 100.0000, Loss: 0.0171
LR: 0.000128, Acc: 100.0000, Loss: 0.0001
LR: 0.000128, Acc: 100.0000, Loss: 0.0002
LR: 0.000127, Acc: 100.0000, Loss: 0.0001
LR: 0.000127, Acc: 100.0000, Loss: 0.0065
LR: 0.000127, Acc: 100.0000, Loss: 0.0095
LR: 0.000126, Acc: 100.0000, Loss: 0.0103
LR: 0.000126, Acc: 100.0000, Loss: 0.0001
LR: 0.000126, Acc: 100.0000, Loss: 0.0010
LR: 0.000126, Acc: 100.0000, Loss: 0.0001
LR: 0.000125, Acc: 100.0000, Loss: 0.0001
LR: 0.000125, Acc: 100.0000, Loss: 0.0000
LR: 0.000125, Acc: 100.0000, Loss: 0.0000
LR: 0.000124, Acc: 100.0000, Loss: 0.0001
LR: 0.000124, Acc: 100.0000, Loss: 0.0024
LR: 0.000124, Acc: 100.0000, Loss: 0.0001
LR: 0.000123, Acc: 100.0000, Loss: 0.0001
LR: 0.000123, Acc: 100.0000, Loss: 0.0000
LR: 0.000123, Acc: 100.0000, Loss: 0.0005
LR: 0.000123, Acc: 100.0000, Loss: 0.0000
LR: 0.000122, Acc: 100.0000, Loss: 0.0000
LR: 0.000122, Acc: 100.0000, Loss: 0.0002
LR: 0.000122, Acc: 100.0000, Loss: 0.0001
LR: 0.000121, Acc: 75.0000, Loss: 0.1792
LR: 0.000121, Acc: 100.0000, Loss: 0.1390
LR: 0.000121, Acc: 100.0000, Loss: 0.0001
LR: 0.000120, Acc: 100.0000, Loss: 0.0000
LR: 0.000120, Acc: 100.0000, Loss: 0.0005
LR: 0.000120, Acc: 100.0000, Loss: 0.0000
LR: 0.000119, Acc: 100.0000, Loss: 0.0002
LR: 0.000119, Acc: 100.0000, Loss: 0.0000
LR: 0.000119, Acc: 100.0000, Loss: 0.0000
LR: 0.000119, Acc: 100.0000, Loss: 0.0063
LR: 0.000118, Acc: 100.0000, Loss: 0.0004
LR: 0.000118, Acc: 100.0000, Loss: 0.0001
LR: 0.000118, Acc: 100.0000, Loss: 0.0006
LR: 0.000117, Acc: 100.0000, Loss: 0.0001
LR: 0.000117, Acc: 100.0000, Loss: 0.0000
LR: 0.000117, Acc: 100.0000, Loss: 0.0000
LR: 0.000116, Acc: 100.0000, Loss: 0.0016
LR: 0.000116, Acc: 100.0000, Loss: 0.0001
LR: 0.000116, Acc: 100.0000, Loss: 0.0173
LR: 0.000115, Acc: 100.0000, Loss: 0.0000
LR: 0.000115, Acc: 100.0000, Loss: 0.0000
LR: 0.000115, Acc: 100.0000, Loss: 0.0001
LR: 0.000115, Acc: 100.0000, Loss: 0.0000
LR: 0.000114, Acc: 100.0000, Loss: 0.0004
LR: 0.000114, Acc: 100.0000, Loss: 0.0001
LR: 0.000114, Acc: 100.0000, Loss: 0.0003
LR: 0.000113, Acc: 100.0000, Loss: 0.0000
LR: 0.000113, Acc: 100.0000, Loss: 0.0029
LR: 0.000113, Acc: 100.0000, Loss: 0.0001
LR: 0.000112, Acc: 100.0000, Loss: 0.0001
LR: 0.000112, Acc: 100.0000, Loss: 0.0000
LR: 0.000112, Acc: 100.0000, Loss: 0.0000
LR: 0.000111, Acc: 100.0000, Loss: 0.0057
LR: 0.000111, Acc: 100.0000, Loss: 0.0000
LR: 0.000111, Acc: 100.0000, Loss: 0.0001
LR: 0.000110, Acc: 100.0000, Loss: 0.0001
LR: 0.000110, Acc: 100.0000, Loss: 0.0001
LR: 0.000110, Acc: 100.0000, Loss: 0.0001
LR: 0.000110, Acc: 100.0000, Loss: 0.0000
LR: 0.000109, Acc: 100.0000, Loss: 0.0000
LR: 0.000109, Acc: 100.0000, Loss: 0.0001
LR: 0.000109, Acc: 100.0000, Loss: 0.0010
LR: 0.000108, Acc: 100.0000, Loss: 0.0000
LR: 0.000108, Acc: 100.0000, Loss: 0.0000
LR: 0.000108, Acc: 100.0000, Loss: 0.0126
LR: 0.000107, Acc: 100.0000, Loss: 0.0001
LR: 0.000107, Acc: 100.0000, Loss: 0.0002
LR: 0.000107, Acc: 100.0000, Loss: 0.0049
LR: 0.000106, Acc: 100.0000, Loss: 0.0000
LR: 0.000106, Acc: 100.0000, Loss: 0.0000
LR: 0.000106, Acc: 100.0000, Loss: 0.0002
LR: 0.000105, Acc: 100.0000, Loss: 0.0000
LR: 0.000105, Acc: 100.0000, Loss: 0.0004
LR: 0.000105, Acc: 100.0000, Loss: 0.0001
LR: 0.000105, Acc: 100.0000, Loss: 0.0050
LR: 0.000104, Acc: 100.0000, Loss: 0.0003
LR: 0.000104, Acc: 100.0000, Loss: 0.0161
LR: 0.000104, Acc: 100.0000, Loss: 0.0003
LR: 0.000103, Acc: 100.0000, Loss: 0.0004
LR: 0.000103, Acc: 100.0000, Loss: 0.0106
LR: 0.000103, Acc: 100.0000, Loss: 0.0000
LR: 0.000102, Acc: 100.0000, Loss: 0.0172
LR: 0.000102, Acc: 100.0000, Loss: 0.0000
LR: 0.000102, Acc: 100.0000, Loss: 0.0431
LR: 0.000101, Acc: 100.0000, Loss: 0.0002
LR: 0.000101, Acc: 100.0000, Loss: 0.0000
LR: 0.000101, Acc: 100.0000, Loss: 0.0000
LR: 0.000100, Acc: 100.0000, Loss: 0.0000
LR: 0.000100, Acc: 100.0000, Loss: 0.0001
LR: 0.000100, Acc: 100.0000, Loss: 0.0001
LR: 0.000100, Acc: 100.0000, Loss: 0.0000
LR: 0.000099, Acc: 100.0000, Loss: 0.0001
LR: 0.000099, Acc: 100.0000, Loss: 0.0000
LR: 0.000099, Acc: 75.0000, Loss: 0.3547
LR: 0.000098, Acc: 100.0000, Loss: 0.0001
LR: 0.000098, Acc: 100.0000, Loss: 0.0000
LR: 0.000098, Acc: 100.0000, Loss: 0.0004
LR: 0.000097, Acc: 100.0000, Loss: 0.0361
LR: 0.000097, Acc: 100.0000, Loss: 0.0000
LR: 0.000097, Acc: 100.0000, Loss: 0.0002
LR: 0.000096, Acc: 100.0000, Loss: 0.0920
LR: 0.000096, Acc: 100.0000, Loss: 0.0002
LR: 0.000096, Acc: 100.0000, Loss: 0.0000
LR: 0.000096, Acc: 100.0000, Loss: 0.0038
LR: 0.000095, Acc: 100.0000, Loss: 0.0000
LR: 0.000095, Acc: 100.0000, Loss: 0.0000
LR: 0.000095, Acc: 100.0000, Loss: 0.0000
LR: 0.000094, Acc: 100.0000, Loss: 0.0000
LR: 0.000094, Acc: 100.0000, Loss: 0.0082
LR: 0.000094, Acc: 75.0000, Loss: 0.1792
LR: 0.000093, Acc: 100.0000, Loss: 0.0001
LR: 0.000093, Acc: 100.0000, Loss: 0.0000
LR: 0.000093, Acc: 100.0000, Loss: 0.0000
LR: 0.000092, Acc: 100.0000, Loss: 0.0028
LR: 0.000092, Acc: 100.0000, Loss: 0.0001
LR: 0.000092, Acc: 100.0000, Loss: 0.0000
LR: 0.000091, Acc: 100.0000, Loss: 0.0009
LR: 0.000091, Acc: 100.0000, Loss: 0.0000
LR: 0.000091, Acc: 100.0000, Loss: 0.0000
LR: 0.000091, Acc: 100.0000, Loss: 0.0000
LR: 0.000090, Acc: 100.0000, Loss: 0.1245
LR: 0.000090, Acc: 100.0000, Loss: 0.0003
LR: 0.000090, Acc: 100.0000, Loss: 0.0000
LR: 0.000089, Acc: 100.0000, Loss: 0.0001
LR: 0.000089, Acc: 100.0000, Loss: 0.0001
LR: 0.000089, Acc: 100.0000, Loss: 0.0006
LR: 0.000088, Acc: 100.0000, Loss: 0.0001
LR: 0.000088, Acc: 100.0000, Loss: 0.0000
LR: 0.000088, Acc: 100.0000, Loss: 0.0001
LR: 0.000087, Acc: 100.0000, Loss: 0.0001
LR: 0.000087, Acc: 100.0000, Loss: 0.0001
LR: 0.000087, Acc: 100.0000, Loss: 0.0002
LR: 0.000086, Acc: 100.0000, Loss: 0.0000
LR: 0.000086, Acc: 100.0000, Loss: 0.0000
LR: 0.000086, Acc: 100.0000, Loss: 0.0001
LR: 0.000086, Acc: 100.0000, Loss: 0.0009
LR: 0.000085, Acc: 100.0000, Loss: 0.0000
LR: 0.000085, Acc: 100.0000, Loss: 0.0011
LR: 0.000085, Acc: 100.0000, Loss: 0.0001
LR: 0.000084, Acc: 100.0000, Loss: 0.0000
LR: 0.000084, Acc: 100.0000, Loss: 0.0041
LR: 0.000084, Acc: 100.0000, Loss: 0.0000
LR: 0.000083, Acc: 100.0000, Loss: 0.0000
LR: 0.000083, Acc: 100.0000, Loss: 0.0001
LR: 0.000083, Acc: 100.0000, Loss: 0.0001
LR: 0.000082, Acc: 100.0000, Loss: 0.0000
LR: 0.000082, Acc: 100.0000, Loss: 0.0001
LR: 0.000082, Acc: 100.0000, Loss: 0.0001
LR: 0.000082, Acc: 100.0000, Loss: 0.0406
LR: 0.000081, Acc: 100.0000, Loss: 0.0002
LR: 0.000081, Acc: 100.0000, Loss: 0.0000
LR: 0.000081, Acc: 100.0000, Loss: 0.0001
LR: 0.000080, Acc: 100.0000, Loss: 0.0044
LR: 0.000080, Acc: 100.0000, Loss: 0.0007
LR: 0.000080, Acc: 100.0000, Loss: 0.0001
LR: 0.000079, Acc: 100.0000, Loss: 0.0001
LR: 0.000079, Acc: 100.0000, Loss: 0.0000
LR: 0.000079, Acc: 100.0000, Loss: 0.0004
LR: 0.000078, Acc: 100.0000, Loss: 0.0007
LR: 0.000078, Acc: 75.0000, Loss: 0.2343
LR: 0.000078, Acc: 100.0000, Loss: 0.0000
LR: 0.000078, Acc: 100.0000, Loss: 0.0000
LR: 0.000077, Acc: 100.0000, Loss: 0.0016
LR: 0.000077, Acc: 100.0000, Loss: 0.0005
LR: 0.000077, Acc: 100.0000, Loss: 0.0000
LR: 0.000076, Acc: 100.0000, Loss: 0.0004
LR: 0.000076, Acc: 100.0000, Loss: 0.0005
LR: 0.000076, Acc: 100.0000, Loss: 0.0000
LR: 0.000075, Acc: 100.0000, Loss: 0.0004
LR: 0.000075, Acc: 100.0000, Loss: 0.0000
LR: 0.000075, Acc: 100.0000, Loss: 0.0005
LR: 0.000075, Acc: 100.0000, Loss: 0.0006
LR: 0.000074, Acc: 100.0000, Loss: 0.0000
LR: 0.000074, Acc: 100.0000, Loss: 0.0001
LR: 0.000074, Acc: 100.0000, Loss: 0.0000
LR: 0.000073, Acc: 100.0000, Loss: 0.0000
LR: 0.000073, Acc: 100.0000, Loss: 0.0003
LR: 0.000073, Acc: 100.0000, Loss: 0.0000
LR: 0.000072, Acc: 100.0000, Loss: 0.0017
LR: 0.000072, Acc: 100.0000, Loss: 0.0002
LR: 0.000072, Acc: 100.0000, Loss: 0.0000
LR: 0.000072, Acc: 100.0000, Loss: 0.0001
LR: 0.000071, Acc: 100.0000, Loss: 0.0001
LR: 0.000071, Acc: 100.0000, Loss: 0.0001
LR: 0.000071, Acc: 100.0000, Loss: 0.0001
LR: 0.000070, Acc: 100.0000, Loss: 0.0001
LR: 0.000070, Acc: 100.0000, Loss: 0.0001
LR: 0.000070, Acc: 100.0000, Loss: 0.0016
LR: 0.000069, Acc: 100.0000, Loss: 0.0075
LR: 0.000069, Acc: 100.0000, Loss: 0.0010
LR: 0.000069, Acc: 100.0000, Loss: 0.0003
LR: 0.000069, Acc: 100.0000, Loss: 0.0001
LR: 0.000068, Acc: 100.0000, Loss: 0.0000
LR: 0.000068, Acc: 100.0000, Loss: 0.0059
LR: 0.000068, Acc: 100.0000, Loss: 0.0000
LR: 0.000067, Acc: 100.0000, Loss: 0.0019
LR: 0.000067, Acc: 100.0000, Loss: 0.0000
LR: 0.000067, Acc: 100.0000, Loss: 0.0000
LR: 0.000067, Acc: 100.0000, Loss: 0.0000
LR: 0.000066, Acc: 100.0000, Loss: 0.0001
LR: 0.000066, Acc: 100.0000, Loss: 0.0007
LR: 0.000066, Acc: 100.0000, Loss: 0.0000
LR: 0.000065, Acc: 100.0000, Loss: 0.0001
LR: 0.000065, Acc: 100.0000, Loss: 0.0000
LR: 0.000065, Acc: 100.0000, Loss: 0.0000
LR: 0.000064, Acc: 100.0000, Loss: 0.0000
LR: 0.000064, Acc: 100.0000, Loss: 0.0001
LR: 0.000064, Acc: 100.0000, Loss: 0.0000
LR: 0.000064, Acc: 100.0000, Loss: 0.0001
LR: 0.000063, Acc: 100.0000, Loss: 0.0000
LR: 0.000063, Acc: 100.0000, Loss: 0.0373
LR: 0.000063, Acc: 100.0000, Loss: 0.0000
LR: 0.000062, Acc: 100.0000, Loss: 0.0000
LR: 0.000062, Acc: 100.0000, Loss: 0.0000
LR: 0.000062, Acc: 100.0000, Loss: 0.0001
LR: 0.000062, Acc: 100.0000, Loss: 0.0000
LR: 0.000061, Acc: 100.0000, Loss: 0.0000
LR: 0.000061, Acc: 100.0000, Loss: 0.0000
LR: 0.000061, Acc: 100.0000, Loss: 0.0055
LR: 0.000060, Acc: 100.0000, Loss: 0.0001
LR: 0.000060, Acc: 100.0000, Loss: 0.0000
LR: 0.000060, Acc: 100.0000, Loss: 0.0002
LR: 0.000060, Acc: 100.0000, Loss: 0.0001
LR: 0.000059, Acc: 100.0000, Loss: 0.0003
LR: 0.000059, Acc: 100.0000, Loss: 0.0000
LR: 0.000059, Acc: 100.0000, Loss: 0.0000
LR: 0.000058, Acc: 100.0000, Loss: 0.0000
LR: 0.000058, Acc: 100.0000, Loss: 0.0000
LR: 0.000058, Acc: 100.0000, Loss: 0.0001
LR: 0.000058, Acc: 100.0000, Loss: 0.0001
LR: 0.000057, Acc: 100.0000, Loss: 0.0005
LR: 0.000057, Acc: 100.0000, Loss: 0.0005
LR: 0.000057, Acc: 100.0000, Loss: 0.0006
LR: 0.000056, Acc: 100.0000, Loss: 0.0000
LR: 0.000056, Acc: 100.0000, Loss: 0.0002
LR: 0.000056, Acc: 100.0000, Loss: 0.0000
LR: 0.000056, Acc: 100.0000, Loss: 0.0008
LR: 0.000055, Acc: 100.0000, Loss: 0.0000
LR: 0.000055, Acc: 100.0000, Loss: 0.0001
LR: 0.000055, Acc: 100.0000, Loss: 0.0000
LR: 0.000054, Acc: 100.0000, Loss: 0.0037
LR: 0.000054, Acc: 100.0000, Loss: 0.0804
LR: 0.000054, Acc: 100.0000, Loss: 0.0000
LR: 0.000054, Acc: 100.0000, Loss: 0.0002
LR: 0.000053, Acc: 100.0000, Loss: 0.0000
LR: 0.000053, Acc: 100.0000, Loss: 0.0000
LR: 0.000053, Acc: 100.0000, Loss: 0.0000
LR: 0.000053, Acc: 100.0000, Loss: 0.0000
LR: 0.000052, Acc: 100.0000, Loss: 0.0000
LR: 0.000052, Acc: 100.0000, Loss: 0.0029
LR: 0.000052, Acc: 100.0000, Loss: 0.0000
LR: 0.000051, Acc: 100.0000, Loss: 0.0000
LR: 0.000051, Acc: 100.0000, Loss: 0.0000
LR: 0.000051, Acc: 100.0000, Loss: 0.0000
LR: 0.000051, Acc: 100.0000, Loss: 0.0000
LR: 0.000050, Acc: 100.0000, Loss: 0.0010
LR: 0.000050, Acc: 100.0000, Loss: 0.0001
LR: 0.000050, Acc: 100.0000, Loss: 0.0004
LR: 0.000050, Acc: 100.0000, Loss: 0.0000
LR: 0.000049, Acc: 100.0000, Loss: 0.0000
LR: 0.000049, Acc: 100.0000, Loss: 0.0000
LR: 0.000049, Acc: 100.0000, Loss: 0.0002
LR: 0.000049, Acc: 100.0000, Loss: 0.0003
LR: 0.000048, Acc: 100.0000, Loss: 0.0000
LR: 0.000048, Acc: 100.0000, Loss: 0.0000
LR: 0.000048, Acc: 100.0000, Loss: 0.0003
LR: 0.000047, Acc: 100.0000, Loss: 0.0034
LR: 0.000047, Acc: 100.0000, Loss: 0.0001
LR: 0.000047, Acc: 100.0000, Loss: 0.0000
LR: 0.000047, Acc: 100.0000, Loss: 0.0002
LR: 0.000046, Acc: 100.0000, Loss: 0.0000
LR: 0.000046, Acc: 100.0000, Loss: 0.0000
LR: 0.000046, Acc: 100.0000, Loss: 0.0004
LR: 0.000046, Acc: 100.0000, Loss: 0.0000
LR: 0.000045, Acc: 100.0000, Loss: 0.0001
LR: 0.000045, Acc: 100.0000, Loss: 0.0001
LR: 0.000045, Acc: 100.0000, Loss: 0.0000
LR: 0.000045, Acc: 100.0000, Loss: 0.0071
LR: 0.000044, Acc: 100.0000, Loss: 0.0000
LR: 0.000044, Acc: 100.0000, Loss: 0.0002
LR: 0.000044, Acc: 100.0000, Loss: 0.0001
LR: 0.000044, Acc: 100.0000, Loss: 0.0001
LR: 0.000043, Acc: 100.0000, Loss: 0.0000
LR: 0.000043, Acc: 100.0000, Loss: 0.0000
LR: 0.000043, Acc: 100.0000, Loss: 0.0735
LR: 0.000043, Acc: 100.0000, Loss: 0.0001
LR: 0.000042, Acc: 100.0000, Loss: 0.0001
LR: 0.000042, Acc: 100.0000, Loss: 0.0079
LR: 0.000042, Acc: 100.0000, Loss: 0.0000
LR: 0.000042, Acc: 100.0000, Loss: 0.0004
LR: 0.000041, Acc: 100.0000, Loss: 0.0001
LR: 0.000041, Acc: 100.0000, Loss: 0.0000
LR: 0.000041, Acc: 100.0000, Loss: 0.0000
LR: 0.000041, Acc: 100.0000, Loss: 0.0000
LR: 0.000040, Acc: 100.0000, Loss: 0.0000
LR: 0.000040, Acc: 100.0000, Loss: 0.0000
LR: 0.000040, Acc: 100.0000, Loss: 0.0000
LR: 0.000040, Acc: 100.0000, Loss: 0.0002
LR: 0.000039, Acc: 100.0000, Loss: 0.0469
LR: 0.000039, Acc: 100.0000, Loss: 0.0007
LR: 0.000039, Acc: 100.0000, Loss: 0.0000
LR: 0.000039, Acc: 100.0000, Loss: 0.0001
LR: 0.000038, Acc: 100.0000, Loss: 0.0000
LR: 0.000038, Acc: 100.0000, Loss: 0.0136
LR: 0.000038, Acc: 100.0000, Loss: 0.0000
LR: 0.000038, Acc: 100.0000, Loss: 0.0000
LR: 0.000037, Acc: 100.0000, Loss: 0.0066
LR: 0.000037, Acc: 100.0000, Loss: 0.0000
LR: 0.000037, Acc: 100.0000, Loss: 0.0000
LR: 0.000037, Acc: 100.0000, Loss: 0.0017
LR: 0.000036, Acc: 100.0000, Loss: 0.0008
LR: 0.000036, Acc: 100.0000, Loss: 0.0000
LR: 0.000036, Acc: 100.0000, Loss: 0.0002
LR: 0.000036, Acc: 100.0000, Loss: 0.0000
LR: 0.000035, Acc: 100.0000, Loss: 0.0001
LR: 0.000035, Acc: 100.0000, Loss: 0.0000
LR: 0.000035, Acc: 100.0000, Loss: 0.0000
LR: 0.000035, Acc: 100.0000, Loss: 0.0000
LR: 0.000034, Acc: 100.0000, Loss: 0.0001
LR: 0.000034, Acc: 100.0000, Loss: 0.0001
LR: 0.000034, Acc: 100.0000, Loss: 0.0000
LR: 0.000034, Acc: 100.0000, Loss: 0.0001
LR: 0.000034, Acc: 100.0000, Loss: 0.0000
LR: 0.000033, Acc: 100.0000, Loss: 0.0000
LR: 0.000033, Acc: 100.0000, Loss: 0.0000
LR: 0.000033, Acc: 100.0000, Loss: 0.0001
LR: 0.000033, Acc: 100.0000, Loss: 0.0000
LR: 0.000032, Acc: 100.0000, Loss: 0.0000
LR: 0.000032, Acc: 100.0000, Loss: 0.0000
LR: 0.000032, Acc: 100.0000, Loss: 0.0001
LR: 0.000032, Acc: 100.0000, Loss: 0.0000
LR: 0.000031, Acc: 100.0000, Loss: 0.0001
LR: 0.000031, Acc: 100.0000, Loss: 0.0906
LR: 0.000031, Acc: 100.0000, Loss: 0.0000
LR: 0.000031, Acc: 100.0000, Loss: 0.0000
LR: 0.000031, Acc: 100.0000, Loss: 0.0000
LR: 0.000030, Acc: 100.0000, Loss: 0.0000
LR: 0.000030, Acc: 100.0000, Loss: 0.0000
LR: 0.000030, Acc: 100.0000, Loss: 0.0001
LR: 0.000030, Acc: 100.0000, Loss: 0.0012
LR: 0.000029, Acc: 100.0000, Loss: 0.0012
LR: 0.000029, Acc: 100.0000, Loss: 0.0001
LR: 0.000029, Acc: 100.0000, Loss: 0.0000
LR: 0.000029, Acc: 100.0000, Loss: 0.0001
LR: 0.000029, Acc: 100.0000, Loss: 0.0001
LR: 0.000028, Acc: 100.0000, Loss: 0.0000
LR: 0.000028, Acc: 100.0000, Loss: 0.0000
LR: 0.000028, Acc: 100.0000, Loss: 0.0191
LR: 0.000028, Acc: 100.0000, Loss: 0.0000
LR: 0.000028, Acc: 100.0000, Loss: 0.0001
LR: 0.000027, Acc: 100.0000, Loss: 0.0001
LR: 0.000027, Acc: 100.0000, Loss: 0.0019
LR: 0.000027, Acc: 100.0000, Loss: 0.0000
LR: 0.000027, Acc: 100.0000, Loss: 0.0630
LR: 0.000026, Acc: 100.0000, Loss: 0.0056
LR: 0.000026, Acc: 100.0000, Loss: 0.0036
LR: 0.000026, Acc: 100.0000, Loss: 0.0001
LR: 0.000026, Acc: 100.0000, Loss: 0.0001
LR: 0.000026, Acc: 100.0000, Loss: 0.0000
LR: 0.000025, Acc: 100.0000, Loss: 0.0000
LR: 0.000025, Acc: 100.0000, Loss: 0.0000
LR: 0.000025, Acc: 100.0000, Loss: 0.0000
LR: 0.000025, Acc: 100.0000, Loss: 0.0029
LR: 0.000025, Acc: 100.0000, Loss: 0.0000
LR: 0.000024, Acc: 100.0000, Loss: 0.0000
LR: 0.000024, Acc: 100.0000, Loss: 0.0002
LR: 0.000024, Acc: 100.0000, Loss: 0.0002
LR: 0.000024, Acc: 100.0000, Loss: 0.0000
LR: 0.000024, Acc: 100.0000, Loss: 0.0000
LR: 0.000023, Acc: 100.0000, Loss: 0.0014
LR: 0.000023, Acc: 100.0000, Loss: 0.0000
LR: 0.000023, Acc: 100.0000, Loss: 0.0000
LR: 0.000023, Acc: 75.0000, Loss: 0.2791
LR: 0.000023, Acc: 100.0000, Loss: 0.0000
LR: 0.000022, Acc: 100.0000, Loss: 0.0000
LR: 0.000022, Acc: 100.0000, Loss: 0.0000
LR: 0.000022, Acc: 100.0000, Loss: 0.0049
LR: 0.000022, Acc: 100.0000, Loss: 0.0000
LR: 0.000022, Acc: 100.0000, Loss: 0.0604
LR: 0.000021, Acc: 100.0000, Loss: 0.0000
LR: 0.000021, Acc: 100.0000, Loss: 0.0000
LR: 0.000021, Acc: 100.0000, Loss: 0.0000
LR: 0.000021, Acc: 100.0000, Loss: 0.0002
LR: 0.000021, Acc: 100.0000, Loss: 0.0007
LR: 0.000021, Acc: 100.0000, Loss: 0.0000
LR: 0.000020, Acc: 100.0000, Loss: 0.0000
LR: 0.000020, Acc: 100.0000, Loss: 0.0000
LR: 0.000020, Acc: 100.0000, Loss: 0.0000
LR: 0.000020, Acc: 100.0000, Loss: 0.0000
LR: 0.000020, Acc: 100.0000, Loss: 0.0000
LR: 0.000019, Acc: 100.0000, Loss: 0.0005
LR: 0.000019, Acc: 100.0000, Loss: 0.0000
LR: 0.000019, Acc: 100.0000, Loss: 0.0001
LR: 0.000019, Acc: 100.0000, Loss: 0.0004
LR: 0.000019, Acc: 100.0000, Loss: 0.0001
LR: 0.000019, Acc: 100.0000, Loss: 0.0020
LR: 0.000018, Acc: 100.0000, Loss: 0.0002
LR: 0.000018, Acc: 100.0000, Loss: 0.0000
LR: 0.000018, Acc: 100.0000, Loss: 0.0004
LR: 0.000018, Acc: 100.0000, Loss: 0.0001
LR: 0.000018, Acc: 100.0000, Loss: 0.0047
LR: 0.000018, Acc: 100.0000, Loss: 0.0001
LR: 0.000017, Acc: 100.0000, Loss: 0.0000
LR: 0.000017, Acc: 100.0000, Loss: 0.0001
LR: 0.000017, Acc: 100.0000, Loss: 0.0000
LR: 0.000017, Acc: 100.0000, Loss: 0.0000
LR: 0.000017, Acc: 100.0000, Loss: 0.0001
LR: 0.000016, Acc: 100.0000, Loss: 0.0001
LR: 0.000016, Acc: 100.0000, Loss: 0.0000
LR: 0.000016, Acc: 100.0000, Loss: 0.1333
LR: 0.000016, Acc: 100.0000, Loss: 0.0000
LR: 0.000016, Acc: 100.0000, Loss: 0.0007
LR: 0.000016, Acc: 100.0000, Loss: 0.0000
LR: 0.000015, Acc: 100.0000, Loss: 0.0007
LR: 0.000015, Acc: 100.0000, Loss: 0.0004
LR: 0.000015, Acc: 100.0000, Loss: 0.0004
LR: 0.000015, Acc: 100.0000, Loss: 0.0000
LR: 0.000015, Acc: 100.0000, Loss: 0.0001
LR: 0.000015, Acc: 100.0000, Loss: 0.0000
LR: 0.000015, Acc: 100.0000, Loss: 0.0000
LR: 0.000014, Acc: 100.0000, Loss: 0.0019
LR: 0.000014, Acc: 100.0000, Loss: 0.0002
LR: 0.000014, Acc: 100.0000, Loss: 0.0000
LR: 0.000014, Acc: 100.0000, Loss: 0.0000
LR: 0.000014, Acc: 100.0000, Loss: 0.0001
LR: 0.000014, Acc: 100.0000, Loss: 0.0000
LR: 0.000013, Acc: 100.0000, Loss: 0.0000
LR: 0.000013, Acc: 100.0000, Loss: 0.0000
LR: 0.000013, Acc: 100.0000, Loss: 0.0008
LR: 0.000013, Acc: 100.0000, Loss: 0.0000
LR: 0.000013, Acc: 100.0000, Loss: 0.0000
LR: 0.000013, Acc: 100.0000, Loss: 0.0006
LR: 0.000013, Acc: 100.0000, Loss: 0.0000
LR: 0.000012, Acc: 100.0000, Loss: 0.0076
LR: 0.000012, Acc: 100.0000, Loss: 0.0000
LR: 0.000012, Acc: 100.0000, Loss: 0.0000
LR: 0.000012, Acc: 100.0000, Loss: 0.0278
LR: 0.000012, Acc: 100.0000, Loss: 0.0000
LR: 0.000012, Acc: 100.0000, Loss: 0.0000
LR: 0.000012, Acc: 100.0000, Loss: 0.0001
LR: 0.000011, Acc: 100.0000, Loss: 0.0006
LR: 0.000011, Acc: 100.0000, Loss: 0.0001
LR: 0.000011, Acc: 100.0000, Loss: 0.0001
LR: 0.000011, Acc: 100.0000, Loss: 0.0000
LR: 0.000011, Acc: 100.0000, Loss: 0.0056
LR: 0.000011, Acc: 100.0000, Loss: 0.0000
LR: 0.000011, Acc: 100.0000, Loss: 0.0000
LR: 0.000010, Acc: 100.0000, Loss: 0.0000
LR: 0.000010, Acc: 100.0000, Loss: 0.0000
LR: 0.000010, Acc: 100.0000, Loss: 0.0003
LR: 0.000010, Acc: 100.0000, Loss: 0.0000
LR: 0.000010, Acc: 100.0000, Loss: 0.0000
LR: 0.000010, Acc: 100.0000, Loss: 0.0001
LR: 0.000010, Acc: 100.0000, Loss: 0.0000
LR: 0.000010, Acc: 100.0000, Loss: 0.0000
LR: 0.000009, Acc: 100.0000, Loss: 0.0000
LR: 0.000009, Acc: 100.0000, Loss: 0.0000
LR: 0.000009, Acc: 100.0000, Loss: 0.0001
LR: 0.000009, Acc: 100.0000, Loss: 0.0013
LR: 0.000009, Acc: 100.0000, Loss: 0.0001
LR: 0.000009, Acc: 100.0000, Loss: 0.0000
LR: 0.000009, Acc: 100.0000, Loss: 0.0000
LR: 0.000009, Acc: 100.0000, Loss: 0.0236
LR: 0.000008, Acc: 100.0000, Loss: 0.0122
LR: 0.000008, Acc: 100.0000, Loss: 0.0000
LR: 0.000008, Acc: 100.0000, Loss: 0.0000
LR: 0.000008, Acc: 100.0000, Loss: 0.0000
LR: 0.000008, Acc: 100.0000, Loss: 0.0000
LR: 0.000008, Acc: 100.0000, Loss: 0.0000
LR: 0.000008, Acc: 100.0000, Loss: 0.0000
LR: 0.000008, Acc: 100.0000, Loss: 0.0001
LR: 0.000008, Acc: 100.0000, Loss: 0.0000
LR: 0.000007, Acc: 100.0000, Loss: 0.0000
LR: 0.000007, Acc: 100.0000, Loss: 0.0001
LR: 0.000007, Acc: 100.0000, Loss: 0.0009
LR: 0.000007, Acc: 100.0000, Loss: 0.0000
LR: 0.000007, Acc: 100.0000, Loss: 0.0000
LR: 0.000007, Acc: 100.0000, Loss: 0.0000
LR: 0.000007, Acc: 100.0000, Loss: 0.0000
LR: 0.000007, Acc: 100.0000, Loss: 0.0002
LR: 0.000007, Acc: 100.0000, Loss: 0.0001
LR: 0.000006, Acc: 100.0000, Loss: 0.0000
LR: 0.000006, Acc: 100.0000, Loss: 0.0000
LR: 0.000006, Acc: 100.0000, Loss: 0.0001
LR: 0.000006, Acc: 100.0000, Loss: 0.0000
LR: 0.000006, Acc: 75.0000, Loss: 0.7065
LR: 0.000006, Acc: 100.0000, Loss: 0.0000
LR: 0.000006, Acc: 100.0000, Loss: 0.0029
LR: 0.000006, Acc: 100.0000, Loss: 0.0008
LR: 0.000006, Acc: 100.0000, Loss: 0.0000
LR: 0.000006, Acc: 100.0000, Loss: 0.0572
LR: 0.000005, Acc: 100.0000, Loss: 0.0002
LR: 0.000005, Acc: 100.0000, Loss: 0.0004
LR: 0.000005, Acc: 100.0000, Loss: 0.0000
LR: 0.000005, Acc: 100.0000, Loss: 0.0000
LR: 0.000005, Acc: 100.0000, Loss: 0.0001
LR: 0.000005, Acc: 100.0000, Loss: 0.0000
LR: 0.000005, Acc: 100.0000, Loss: 0.0000
LR: 0.000005, Acc: 100.0000, Loss: 0.0000
LR: 0.000005, Acc: 100.0000, Loss: 0.0000
LR: 0.000005, Acc: 100.0000, Loss: 0.0001
LR: 0.000005, Acc: 100.0000, Loss: 0.0000
LR: 0.000005, Acc: 100.0000, Loss: 0.0002
LR: 0.000004, Acc: 100.0000, Loss: 0.0000
LR: 0.000004, Acc: 100.0000, Loss: 0.0000
LR: 0.000004, Acc: 100.0000, Loss: 0.0002
LR: 0.000004, Acc: 100.0000, Loss: 0.0001
LR: 0.000004, Acc: 100.0000, Loss: 0.0000
LR: 0.000004, Acc: 100.0000, Loss: 0.0015
LR: 0.000004, Acc: 100.0000, Loss: 0.0006
LR: 0.000004, Acc: 100.0000, Loss: 0.0001
LR: 0.000004, Acc: 100.0000, Loss: 0.0004
LR: 0.000004, Acc: 100.0000, Loss: 0.0000
LR: 0.000004, Acc: 100.0000, Loss: 0.0000
LR: 0.000004, Acc: 100.0000, Loss: 0.0007
LR: 0.000004, Acc: 100.0000, Loss: 0.0001
LR: 0.000003, Acc: 100.0000, Loss: 0.0005
LR: 0.000003, Acc: 100.0000, Loss: 0.0000
LR: 0.000003, Acc: 100.0000, Loss: 0.0000
LR: 0.000003, Acc: 100.0000, Loss: 0.0012
LR: 0.000003, Acc: 100.0000, Loss: 0.0000
LR: 0.000003, Acc: 100.0000, Loss: 0.0000
LR: 0.000003, Acc: 100.0000, Loss: 0.0000
LR: 0.000003, Acc: 100.0000, Loss: 0.0015
LR: 0.000003, Acc: 100.0000, Loss: 0.0002
LR: 0.000003, Acc: 100.0000, Loss: 0.0000
LR: 0.000003, Acc: 100.0000, Loss: 0.0003
LR: 0.000003, Acc: 100.0000, Loss: 0.0000
LR: 0.000003, Acc: 100.0000, Loss: 0.0000
LR: 0.000003, Acc: 100.0000, Loss: 0.0000
LR: 0.000003, Acc: 100.0000, Loss: 0.0000
LR: 0.000003, Acc: 100.0000, Loss: 0.0004
LR: 0.000002, Acc: 100.0000, Loss: 0.0135
LR: 0.000002, Acc: 100.0000, Loss: 0.0002
LR: 0.000002, Acc: 100.0000, Loss: 0.0001
LR: 0.000002, Acc: 100.0000, Loss: 0.0000
LR: 0.000002, Acc: 100.0000, Loss: 0.0007
LR: 0.000002, Acc: 100.0000, Loss: 0.0000
LR: 0.000002, Acc: 100.0000, Loss: 0.0000
LR: 0.000002, Acc: 100.0000, Loss: 0.0000
LR: 0.000002, Acc: 100.0000, Loss: 0.0000
LR: 0.000002, Acc: 100.0000, Loss: 0.0000
LR: 0.000002, Acc: 100.0000, Loss: 0.0001
LR: 0.000002, Acc: 100.0000, Loss: 0.0000
LR: 0.000002, Acc: 100.0000, Loss: 0.0000
LR: 0.000002, Acc: 100.0000, Loss: 0.0048
LR: 0.000002, Acc: 100.0000, Loss: 0.0000
LR: 0.000002, Acc: 100.0000, Loss: 0.0000
LR: 0.000002, Acc: 100.0000, Loss: 0.0001
LR: 0.000002, Acc: 100.0000, Loss: 0.0001
LR: 0.000002, Acc: 100.0000, Loss: 0.0000
LR: 0.000002, Acc: 100.0000, Loss: 0.0001
LR: 0.000002, Acc: 100.0000, Loss: 0.0000
LR: 0.000002, Acc: 100.0000, Loss: 0.0008
LR: 0.000002, Acc: 100.0000, Loss: 0.0000
LR: 0.000002, Acc: 100.0000, Loss: 0.0001
LR: 0.000001, Acc: 100.0000, Loss: 0.0001
LR: 0.000001, Acc: 100.0000, Loss: 0.0000
LR: 0.000001, Acc: 100.0000, Loss: 0.0023
LR: 0.000001, Acc: 100.0000, Loss: 0.0000
LR: 0.000001, Acc: 100.0000, Loss: 0.0005
LR: 0.000001, Acc: 100.0000, Loss: 0.0000
LR: 0.000001, Acc: 100.0000, Loss: 0.0318
LR: 0.000001, Acc: 100.0000, Loss: 0.0001
LR: 0.000001, Acc: 100.0000, Loss: 0.0004
LR: 0.000001, Acc: 100.0000, Loss: 0.0000
LR: 0.000001, Acc: 100.0000, Loss: 0.0007
LR: 0.000001, Acc: 100.0000, Loss: 0.0000
LR: 0.000001, Acc: 100.0000, Loss: 0.0000
LR: 0.000001, Acc: 100.0000, Loss: 0.0000
LR: 0.000001, Acc: 75.0000, Loss: 1.3564
LR: 0.000001, Acc: 100.0000, Loss: 0.0000
LR: 0.000001, Acc: 100.0000, Loss: 0.0000
LR: 0.000001, Acc: 100.0000, Loss: 0.0000
LR: 0.000001, Acc: 100.0000, Loss: 0.0002
LR: 0.000001, Acc: 100.0000, Loss: 0.0043
LR: 0.000001, Acc: 100.0000, Loss: 0.0001
LR: 0.000001, Acc: 100.0000, Loss: 0.0000
LR: 0.000001, Acc: 100.0000, Loss: 0.0005
LR: 0.000001, Acc: 100.0000, Loss: 0.0000
LR: 0.000001, Acc: 100.0000, Loss: 0.0028
LR: 0.000001, Acc: 100.0000, Loss: 0.0009
LR: 0.000001, Acc: 100.0000, Loss: 0.0000
LR: 0.000001, Acc: 100.0000, Loss: 0.0000
LR: 0.000001, Acc: 100.0000, Loss: 0.0011
LR: 0.000001, Acc: 100.0000, Loss: 0.0004
LR: 0.000001, Acc: 100.0000, Loss: 0.0001
**** Final test accuracy: 74.30. ****

LoRA weights saved to weights/vitb16/pigs/2shots/seed4/CLIP-LoRA_pigs.pt
